2018-04-18 19:17:05,342 INFO  SuiteManageServiceImpl.getSuiteByKey:67 - logEvent:开始traceId:ba324375-4517-4dc4-b977-94b1f00f0183		suiteKey:suite9wzt5ezjpfn1ypoo
2018-04-18 19:19:59,995 INFO  SuiteManageServiceImpl.getSuiteToken:148 - logEvent:结束traceId:f2f0b8c7-bc4d-4d54-8b29-469080ffa6a1		suiteKey:suite9wzt5ezjpfn1ypoo
2018-04-18 19:20:00,009 INFO  SuiteManageServiceImpl.saveOrUpdateSuiteToken:92 - logEvent:开始traceId:f2f0b8c7-bc4d-4d54-8b29-469080ffa6a1		suiteKey:suite9wzt5ezjpfn1ypoo
2018-04-18 19:20:00,053 ERROR SuiteManageServiceImpl.saveOrUpdateSuiteToken:136 - logEvent:结束traceId:f2f0b8c7-bc4d-4d54-8b29-469080ffa6a1		msg:程序异常	suiteKey:suite9wzt5ezjpfn1ypoo
java.lang.NullPointerException
	at com.dingtalk.isv.access.biz.service.SuiteManageServiceImpl.saveOrUpdateSuiteToken(SuiteManageServiceImpl.java:104)
	at com.dingtalk.isv.access.biz.service.SuiteManageServiceImpl.getSuiteToken(SuiteManageServiceImpl.java:159)
	at sun.reflect.NativeMethodAccessorImpl.invoke0(Native Method)
	at sun.reflect.NativeMethodAccessorImpl.invoke(NativeMethodAccessorImpl.java:62)
	at sun.reflect.DelegatingMethodAccessorImpl.invoke(DelegatingMethodAccessorImpl.java:43)
	at java.lang.reflect.Method.invoke(Method.java:498)
	at org.springframework.aop.support.AopUtils.invokeJoinpointUsingReflection(AopUtils.java:317)
	at org.springframework.aop.framework.ReflectiveMethodInvocation.invokeJoinpoint(ReflectiveMethodInvocation.java:183)
	at org.springframework.aop.framework.ReflectiveMethodInvocation.proceed(ReflectiveMethodInvocation.java:150)
	at com.dingtalk.isv.access.common.log.service.ServiceMethodInterceptor.invoke(ServiceMethodInterceptor.java:72)
	at org.springframework.aop.framework.ReflectiveMethodInvocation.proceed(ReflectiveMethodInvocation.java:172)
	at org.springframework.aop.framework.JdkDynamicAopProxy.invoke(JdkDynamicAopProxy.java:204)
	at com.sun.proxy.$Proxy19.getSuiteToken(Unknown Source)
	at com.dingtalk.isv.access.biz.scheduler.ReAuthFailedCorpJob.reAuthFaileApp(ReAuthFailedCorpJob.java:44)
	at sun.reflect.NativeMethodAccessorImpl.invoke0(Native Method)
	at sun.reflect.NativeMethodAccessorImpl.invoke(NativeMethodAccessorImpl.java:62)
	at sun.reflect.DelegatingMethodAccessorImpl.invoke(DelegatingMethodAccessorImpl.java:43)
	at java.lang.reflect.Method.invoke(Method.java:498)
	at org.springframework.scheduling.support.ScheduledMethodRunnable.run(ScheduledMethodRunnable.java:64)
	at org.springframework.scheduling.support.DelegatingErrorHandlingRunnable.run(DelegatingErrorHandlingRunnable.java:53)
	at org.springframework.scheduling.concurrent.ReschedulingRunnable.run(ReschedulingRunnable.java:81)
	at java.util.concurrent.Executors$RunnableAdapter.call(Executors.java:511)
	at java.util.concurrent.FutureTask.run(FutureTask.java:266)
	at java.util.concurrent.ScheduledThreadPoolExecutor$ScheduledFutureTask.access$201(ScheduledThreadPoolExecutor.java:180)
	at java.util.concurrent.ScheduledThreadPoolExecutor$ScheduledFutureTask.run(ScheduledThreadPoolExecutor.java:293)
	at java.util.concurrent.ThreadPoolExecutor.runWorker(ThreadPoolExecutor.java:1149)
	at java.util.concurrent.ThreadPoolExecutor$Worker.run(ThreadPoolExecutor.java:624)
	at java.lang.Thread.run(Thread.java:748)
2018-04-18 19:23:17,296 INFO  SuiteManageServiceImpl.getSuiteByKey:67 - logEvent:开始traceId:7ddeb899-bd3c-4498-a540-8d69912403fd		suiteKey:suite9wzt5ezjpfn1ypoo
2018-04-18 19:34:29,772 INFO  SuiteManageServiceImpl.getSuiteByKey:67 - logEvent:开始traceId:fba999cf-82e9-40c6-8229-30e756b1213a		suiteKey:suite9wzt5ezjpfn1ypoo
2018-04-18 19:39:59,991 INFO  SuiteManageServiceImpl.getSuiteToken:148 - logEvent:结束traceId:77498be3-10c9-480c-9348-5056123160c1		suiteKey:suite9wzt5ezjpfn1ypoo
2018-04-18 19:40:00,007 INFO  SuiteManageServiceImpl.saveOrUpdateSuiteToken:92 - logEvent:开始traceId:77498be3-10c9-480c-9348-5056123160c1		suiteKey:suite9wzt5ezjpfn1ypoo
2018-04-18 19:40:00,060 ERROR SuiteManageServiceImpl.saveOrUpdateSuiteToken:136 - logEvent:结束traceId:77498be3-10c9-480c-9348-5056123160c1		msg:程序异常	suiteKey:suite9wzt5ezjpfn1ypoo
java.lang.NullPointerException
	at com.dingtalk.isv.access.biz.service.SuiteManageServiceImpl.saveOrUpdateSuiteToken(SuiteManageServiceImpl.java:104)
	at com.dingtalk.isv.access.biz.service.SuiteManageServiceImpl.getSuiteToken(SuiteManageServiceImpl.java:159)
	at sun.reflect.NativeMethodAccessorImpl.invoke0(Native Method)
	at sun.reflect.NativeMethodAccessorImpl.invoke(NativeMethodAccessorImpl.java:62)
	at sun.reflect.DelegatingMethodAccessorImpl.invoke(DelegatingMethodAccessorImpl.java:43)
	at java.lang.reflect.Method.invoke(Method.java:498)
	at org.springframework.aop.support.AopUtils.invokeJoinpointUsingReflection(AopUtils.java:317)
	at org.springframework.aop.framework.ReflectiveMethodInvocation.invokeJoinpoint(ReflectiveMethodInvocation.java:183)
	at org.springframework.aop.framework.ReflectiveMethodInvocation.proceed(ReflectiveMethodInvocation.java:150)
	at com.dingtalk.isv.access.common.log.service.ServiceMethodInterceptor.invoke(ServiceMethodInterceptor.java:72)
	at org.springframework.aop.framework.ReflectiveMethodInvocation.proceed(ReflectiveMethodInvocation.java:172)
	at org.springframework.aop.framework.JdkDynamicAopProxy.invoke(JdkDynamicAopProxy.java:204)
	at com.sun.proxy.$Proxy19.getSuiteToken(Unknown Source)
	at com.dingtalk.isv.access.biz.scheduler.ReAuthFailedCorpJob.reAuthFaileApp(ReAuthFailedCorpJob.java:44)
	at sun.reflect.NativeMethodAccessorImpl.invoke0(Native Method)
	at sun.reflect.NativeMethodAccessorImpl.invoke(NativeMethodAccessorImpl.java:62)
	at sun.reflect.DelegatingMethodAccessorImpl.invoke(DelegatingMethodAccessorImpl.java:43)
	at java.lang.reflect.Method.invoke(Method.java:498)
	at org.springframework.scheduling.support.ScheduledMethodRunnable.run(ScheduledMethodRunnable.java:64)
	at org.springframework.scheduling.support.DelegatingErrorHandlingRunnable.run(DelegatingErrorHandlingRunnable.java:53)
	at org.springframework.scheduling.concurrent.ReschedulingRunnable.run(ReschedulingRunnable.java:81)
	at java.util.concurrent.Executors$RunnableAdapter.call(Executors.java:511)
	at java.util.concurrent.FutureTask.run(FutureTask.java:266)
	at java.util.concurrent.ScheduledThreadPoolExecutor$ScheduledFutureTask.access$201(ScheduledThreadPoolExecutor.java:180)
	at java.util.concurrent.ScheduledThreadPoolExecutor$ScheduledFutureTask.run(ScheduledThreadPoolExecutor.java:293)
	at java.util.concurrent.ThreadPoolExecutor.runWorker(ThreadPoolExecutor.java:1149)
	at java.util.concurrent.ThreadPoolExecutor$Worker.run(ThreadPoolExecutor.java:624)
	at java.lang.Thread.run(Thread.java:748)
2018-04-18 19:47:20,486 INFO  SuiteManageServiceImpl.getSuiteByKey:67 - logEvent:开始traceId:cb85e2e0-79dd-4635-9166-4da2bd93b140		suiteKey:suite9wzt5ezjpfn1ypoo
2018-04-18 19:49:59,983 INFO  SuiteManageServiceImpl.getSuiteToken:148 - logEvent:结束traceId:77498be3-10c9-480c-9348-5056123160c1		suiteKey:suite9wzt5ezjpfn1ypoo
2018-04-18 19:49:59,992 INFO  SuiteManageServiceImpl.saveOrUpdateSuiteToken:92 - logEvent:开始traceId:77498be3-10c9-480c-9348-5056123160c1		suiteKey:suite9wzt5ezjpfn1ypoo
2018-04-18 19:50:00,024 ERROR SuiteManageServiceImpl.saveOrUpdateSuiteToken:136 - logEvent:结束traceId:77498be3-10c9-480c-9348-5056123160c1		msg:程序异常	suiteKey:suite9wzt5ezjpfn1ypoo
java.lang.NullPointerException
	at com.dingtalk.isv.access.biz.service.SuiteManageServiceImpl.saveOrUpdateSuiteToken(SuiteManageServiceImpl.java:104)
	at com.dingtalk.isv.access.biz.service.SuiteManageServiceImpl.getSuiteToken(SuiteManageServiceImpl.java:159)
	at sun.reflect.NativeMethodAccessorImpl.invoke0(Native Method)
	at sun.reflect.NativeMethodAccessorImpl.invoke(NativeMethodAccessorImpl.java:62)
	at sun.reflect.DelegatingMethodAccessorImpl.invoke(DelegatingMethodAccessorImpl.java:43)
	at java.lang.reflect.Method.invoke(Method.java:498)
	at org.springframework.aop.support.AopUtils.invokeJoinpointUsingReflection(AopUtils.java:317)
	at org.springframework.aop.framework.ReflectiveMethodInvocation.invokeJoinpoint(ReflectiveMethodInvocation.java:183)
	at org.springframework.aop.framework.ReflectiveMethodInvocation.proceed(ReflectiveMethodInvocation.java:150)
	at com.dingtalk.isv.access.common.log.service.ServiceMethodInterceptor.invoke(ServiceMethodInterceptor.java:72)
	at org.springframework.aop.framework.ReflectiveMethodInvocation.proceed(ReflectiveMethodInvocation.java:172)
	at org.springframework.aop.framework.JdkDynamicAopProxy.invoke(JdkDynamicAopProxy.java:204)
	at com.sun.proxy.$Proxy19.getSuiteToken(Unknown Source)
	at com.dingtalk.isv.access.biz.scheduler.ReAuthFailedCorpJob.reAuthFaileApp(ReAuthFailedCorpJob.java:44)
	at sun.reflect.NativeMethodAccessorImpl.invoke0(Native Method)
	at sun.reflect.NativeMethodAccessorImpl.invoke(NativeMethodAccessorImpl.java:62)
	at sun.reflect.DelegatingMethodAccessorImpl.invoke(DelegatingMethodAccessorImpl.java:43)
	at java.lang.reflect.Method.invoke(Method.java:498)
	at org.springframework.scheduling.support.ScheduledMethodRunnable.run(ScheduledMethodRunnable.java:64)
	at org.springframework.scheduling.support.DelegatingErrorHandlingRunnable.run(DelegatingErrorHandlingRunnable.java:53)
	at org.springframework.scheduling.concurrent.ReschedulingRunnable.run(ReschedulingRunnable.java:81)
	at java.util.concurrent.Executors$RunnableAdapter.call(Executors.java:511)
	at java.util.concurrent.FutureTask.run(FutureTask.java:266)
	at java.util.concurrent.ScheduledThreadPoolExecutor$ScheduledFutureTask.access$201(ScheduledThreadPoolExecutor.java:180)
	at java.util.concurrent.ScheduledThreadPoolExecutor$ScheduledFutureTask.run(ScheduledThreadPoolExecutor.java:293)
	at java.util.concurrent.ThreadPoolExecutor.runWorker(ThreadPoolExecutor.java:1149)
	at java.util.concurrent.ThreadPoolExecutor$Worker.run(ThreadPoolExecutor.java:624)
	at java.lang.Thread.run(Thread.java:748)
2018-04-18 19:55:37,891 INFO  SuiteManageServiceImpl.getSuiteByKey:67 - logEvent:开始traceId:29fc563b-de7b-4149-bd7a-bb6f839b90fe		suiteKey:suite9wzt5ezjpfn1ypoo
2018-04-18 19:59:59,992 INFO  SuiteManageServiceImpl.getSuiteToken:148 - logEvent:结束traceId:b5a15875-2b76-4839-9b64-6788b10f170d		suiteKey:suite9wzt5ezjpfn1ypoo
2018-04-18 20:00:00,006 INFO  SuiteManageServiceImpl.saveOrUpdateSuiteToken:92 - logEvent:开始traceId:b5a15875-2b76-4839-9b64-6788b10f170d		suiteKey:suite9wzt5ezjpfn1ypoo
2018-04-18 20:00:00,056 ERROR SuiteManageServiceImpl.saveOrUpdateSuiteToken:136 - logEvent:结束traceId:b5a15875-2b76-4839-9b64-6788b10f170d		msg:程序异常	suiteKey:suite9wzt5ezjpfn1ypoo
java.lang.NullPointerException
	at com.dingtalk.isv.access.biz.service.SuiteManageServiceImpl.saveOrUpdateSuiteToken(SuiteManageServiceImpl.java:104)
	at com.dingtalk.isv.access.biz.service.SuiteManageServiceImpl.getSuiteToken(SuiteManageServiceImpl.java:159)
	at sun.reflect.NativeMethodAccessorImpl.invoke0(Native Method)
	at sun.reflect.NativeMethodAccessorImpl.invoke(NativeMethodAccessorImpl.java:62)
	at sun.reflect.DelegatingMethodAccessorImpl.invoke(DelegatingMethodAccessorImpl.java:43)
	at java.lang.reflect.Method.invoke(Method.java:498)
	at org.springframework.aop.support.AopUtils.invokeJoinpointUsingReflection(AopUtils.java:317)
	at org.springframework.aop.framework.ReflectiveMethodInvocation.invokeJoinpoint(ReflectiveMethodInvocation.java:183)
	at org.springframework.aop.framework.ReflectiveMethodInvocation.proceed(ReflectiveMethodInvocation.java:150)
	at com.dingtalk.isv.access.common.log.service.ServiceMethodInterceptor.invoke(ServiceMethodInterceptor.java:72)
	at org.springframework.aop.framework.ReflectiveMethodInvocation.proceed(ReflectiveMethodInvocation.java:172)
	at org.springframework.aop.framework.JdkDynamicAopProxy.invoke(JdkDynamicAopProxy.java:204)
	at com.sun.proxy.$Proxy19.getSuiteToken(Unknown Source)
	at com.dingtalk.isv.access.biz.scheduler.ReAuthFailedCorpJob.reAuthFaileApp(ReAuthFailedCorpJob.java:44)
	at sun.reflect.NativeMethodAccessorImpl.invoke0(Native Method)
	at sun.reflect.NativeMethodAccessorImpl.invoke(NativeMethodAccessorImpl.java:62)
	at sun.reflect.DelegatingMethodAccessorImpl.invoke(DelegatingMethodAccessorImpl.java:43)
	at java.lang.reflect.Method.invoke(Method.java:498)
	at org.springframework.scheduling.support.ScheduledMethodRunnable.run(ScheduledMethodRunnable.java:64)
	at org.springframework.scheduling.support.DelegatingErrorHandlingRunnable.run(DelegatingErrorHandlingRunnable.java:53)
	at org.springframework.scheduling.concurrent.ReschedulingRunnable.run(ReschedulingRunnable.java:81)
	at java.util.concurrent.Executors$RunnableAdapter.call(Executors.java:511)
	at java.util.concurrent.FutureTask.run(FutureTask.java:266)
	at java.util.concurrent.ScheduledThreadPoolExecutor$ScheduledFutureTask.access$201(ScheduledThreadPoolExecutor.java:180)
	at java.util.concurrent.ScheduledThreadPoolExecutor$ScheduledFutureTask.run(ScheduledThreadPoolExecutor.java:293)
	at java.util.concurrent.ThreadPoolExecutor.runWorker(ThreadPoolExecutor.java:1149)
	at java.util.concurrent.ThreadPoolExecutor$Worker.run(ThreadPoolExecutor.java:624)
	at java.lang.Thread.run(Thread.java:748)
2018-04-18 20:09:04,697 INFO  SuiteManageServiceImpl.getSuiteByKey:67 - logEvent:开始traceId:28da3840-b791-4ca6-90de-851ab60c7258		suiteKey:suite9wzt5ezjpfn1ypoo
2018-04-18 20:09:59,981 INFO  SuiteManageServiceImpl.getSuiteToken:148 - logEvent:结束traceId:b5a15875-2b76-4839-9b64-6788b10f170d		suiteKey:suite9wzt5ezjpfn1ypoo
2018-04-18 20:09:59,992 INFO  SuiteManageServiceImpl.saveOrUpdateSuiteToken:92 - logEvent:开始traceId:b5a15875-2b76-4839-9b64-6788b10f170d		suiteKey:suite9wzt5ezjpfn1ypoo
2018-04-18 20:10:00,023 ERROR SuiteManageServiceImpl.saveOrUpdateSuiteToken:136 - logEvent:结束traceId:b5a15875-2b76-4839-9b64-6788b10f170d		msg:程序异常	suiteKey:suite9wzt5ezjpfn1ypoo
java.lang.NullPointerException
	at com.dingtalk.isv.access.biz.service.SuiteManageServiceImpl.saveOrUpdateSuiteToken(SuiteManageServiceImpl.java:104)
	at com.dingtalk.isv.access.biz.service.SuiteManageServiceImpl.getSuiteToken(SuiteManageServiceImpl.java:159)
	at sun.reflect.NativeMethodAccessorImpl.invoke0(Native Method)
	at sun.reflect.NativeMethodAccessorImpl.invoke(NativeMethodAccessorImpl.java:62)
	at sun.reflect.DelegatingMethodAccessorImpl.invoke(DelegatingMethodAccessorImpl.java:43)
	at java.lang.reflect.Method.invoke(Method.java:498)
	at org.springframework.aop.support.AopUtils.invokeJoinpointUsingReflection(AopUtils.java:317)
	at org.springframework.aop.framework.ReflectiveMethodInvocation.invokeJoinpoint(ReflectiveMethodInvocation.java:183)
	at org.springframework.aop.framework.ReflectiveMethodInvocation.proceed(ReflectiveMethodInvocation.java:150)
	at com.dingtalk.isv.access.common.log.service.ServiceMethodInterceptor.invoke(ServiceMethodInterceptor.java:72)
	at org.springframework.aop.framework.ReflectiveMethodInvocation.proceed(ReflectiveMethodInvocation.java:172)
	at org.springframework.aop.framework.JdkDynamicAopProxy.invoke(JdkDynamicAopProxy.java:204)
	at com.sun.proxy.$Proxy19.getSuiteToken(Unknown Source)
	at com.dingtalk.isv.access.biz.scheduler.ReAuthFailedCorpJob.reAuthFaileApp(ReAuthFailedCorpJob.java:44)
	at sun.reflect.NativeMethodAccessorImpl.invoke0(Native Method)
	at sun.reflect.NativeMethodAccessorImpl.invoke(NativeMethodAccessorImpl.java:62)
	at sun.reflect.DelegatingMethodAccessorImpl.invoke(DelegatingMethodAccessorImpl.java:43)
	at java.lang.reflect.Method.invoke(Method.java:498)
	at org.springframework.scheduling.support.ScheduledMethodRunnable.run(ScheduledMethodRunnable.java:64)
	at org.springframework.scheduling.support.DelegatingErrorHandlingRunnable.run(DelegatingErrorHandlingRunnable.java:53)
	at org.springframework.scheduling.concurrent.ReschedulingRunnable.run(ReschedulingRunnable.java:81)
	at java.util.concurrent.Executors$RunnableAdapter.call(Executors.java:511)
	at java.util.concurrent.FutureTask.run(FutureTask.java:266)
	at java.util.concurrent.ScheduledThreadPoolExecutor$ScheduledFutureTask.access$201(ScheduledThreadPoolExecutor.java:180)
	at java.util.concurrent.ScheduledThreadPoolExecutor$ScheduledFutureTask.run(ScheduledThreadPoolExecutor.java:293)
	at java.util.concurrent.ThreadPoolExecutor.runWorker(ThreadPoolExecutor.java:1149)
	at java.util.concurrent.ThreadPoolExecutor$Worker.run(ThreadPoolExecutor.java:624)
	at java.lang.Thread.run(Thread.java:748)
2018-04-18 20:19:59,979 INFO  SuiteManageServiceImpl.getSuiteToken:148 - logEvent:结束traceId:b5a15875-2b76-4839-9b64-6788b10f170d		suiteKey:suite9wzt5ezjpfn1ypoo
2018-04-18 20:19:59,987 INFO  SuiteManageServiceImpl.saveOrUpdateSuiteToken:92 - logEvent:开始traceId:b5a15875-2b76-4839-9b64-6788b10f170d		suiteKey:suite9wzt5ezjpfn1ypoo
2018-04-18 20:20:00,021 ERROR SuiteManageServiceImpl.saveOrUpdateSuiteToken:136 - logEvent:结束traceId:b5a15875-2b76-4839-9b64-6788b10f170d		msg:程序异常	suiteKey:suite9wzt5ezjpfn1ypoo
java.lang.NullPointerException
	at com.dingtalk.isv.access.biz.service.SuiteManageServiceImpl.saveOrUpdateSuiteToken(SuiteManageServiceImpl.java:104)
	at com.dingtalk.isv.access.biz.service.SuiteManageServiceImpl.getSuiteToken(SuiteManageServiceImpl.java:159)
	at sun.reflect.NativeMethodAccessorImpl.invoke0(Native Method)
	at sun.reflect.NativeMethodAccessorImpl.invoke(NativeMethodAccessorImpl.java:62)
	at sun.reflect.DelegatingMethodAccessorImpl.invoke(DelegatingMethodAccessorImpl.java:43)
	at java.lang.reflect.Method.invoke(Method.java:498)
	at org.springframework.aop.support.AopUtils.invokeJoinpointUsingReflection(AopUtils.java:317)
	at org.springframework.aop.framework.ReflectiveMethodInvocation.invokeJoinpoint(ReflectiveMethodInvocation.java:183)
	at org.springframework.aop.framework.ReflectiveMethodInvocation.proceed(ReflectiveMethodInvocation.java:150)
	at com.dingtalk.isv.access.common.log.service.ServiceMethodInterceptor.invoke(ServiceMethodInterceptor.java:72)
	at org.springframework.aop.framework.ReflectiveMethodInvocation.proceed(ReflectiveMethodInvocation.java:172)
	at org.springframework.aop.framework.JdkDynamicAopProxy.invoke(JdkDynamicAopProxy.java:204)
	at com.sun.proxy.$Proxy19.getSuiteToken(Unknown Source)
	at com.dingtalk.isv.access.biz.scheduler.ReAuthFailedCorpJob.reAuthFaileApp(ReAuthFailedCorpJob.java:44)
	at sun.reflect.NativeMethodAccessorImpl.invoke0(Native Method)
	at sun.reflect.NativeMethodAccessorImpl.invoke(NativeMethodAccessorImpl.java:62)
	at sun.reflect.DelegatingMethodAccessorImpl.invoke(DelegatingMethodAccessorImpl.java:43)
	at java.lang.reflect.Method.invoke(Method.java:498)
	at org.springframework.scheduling.support.ScheduledMethodRunnable.run(ScheduledMethodRunnable.java:64)
	at org.springframework.scheduling.support.DelegatingErrorHandlingRunnable.run(DelegatingErrorHandlingRunnable.java:53)
	at org.springframework.scheduling.concurrent.ReschedulingRunnable.run(ReschedulingRunnable.java:81)
	at java.util.concurrent.Executors$RunnableAdapter.call(Executors.java:511)
	at java.util.concurrent.FutureTask.run(FutureTask.java:266)
	at java.util.concurrent.ScheduledThreadPoolExecutor$ScheduledFutureTask.access$201(ScheduledThreadPoolExecutor.java:180)
	at java.util.concurrent.ScheduledThreadPoolExecutor$ScheduledFutureTask.run(ScheduledThreadPoolExecutor.java:293)
	at java.util.concurrent.ThreadPoolExecutor.runWorker(ThreadPoolExecutor.java:1149)
	at java.util.concurrent.ThreadPoolExecutor$Worker.run(ThreadPoolExecutor.java:624)
	at java.lang.Thread.run(Thread.java:748)
2018-04-18 20:29:59,980 INFO  SuiteManageServiceImpl.getSuiteToken:148 - logEvent:结束traceId:b5a15875-2b76-4839-9b64-6788b10f170d		suiteKey:suite9wzt5ezjpfn1ypoo
2018-04-18 20:29:59,989 INFO  SuiteManageServiceImpl.saveOrUpdateSuiteToken:92 - logEvent:开始traceId:b5a15875-2b76-4839-9b64-6788b10f170d		suiteKey:suite9wzt5ezjpfn1ypoo
2018-04-18 20:30:00,018 ERROR SuiteManageServiceImpl.saveOrUpdateSuiteToken:136 - logEvent:结束traceId:b5a15875-2b76-4839-9b64-6788b10f170d		msg:程序异常	suiteKey:suite9wzt5ezjpfn1ypoo
java.lang.NullPointerException
	at com.dingtalk.isv.access.biz.service.SuiteManageServiceImpl.saveOrUpdateSuiteToken(SuiteManageServiceImpl.java:104)
	at com.dingtalk.isv.access.biz.service.SuiteManageServiceImpl.getSuiteToken(SuiteManageServiceImpl.java:159)
	at sun.reflect.NativeMethodAccessorImpl.invoke0(Native Method)
	at sun.reflect.NativeMethodAccessorImpl.invoke(NativeMethodAccessorImpl.java:62)
	at sun.reflect.DelegatingMethodAccessorImpl.invoke(DelegatingMethodAccessorImpl.java:43)
	at java.lang.reflect.Method.invoke(Method.java:498)
	at org.springframework.aop.support.AopUtils.invokeJoinpointUsingReflection(AopUtils.java:317)
	at org.springframework.aop.framework.ReflectiveMethodInvocation.invokeJoinpoint(ReflectiveMethodInvocation.java:183)
	at org.springframework.aop.framework.ReflectiveMethodInvocation.proceed(ReflectiveMethodInvocation.java:150)
	at com.dingtalk.isv.access.common.log.service.ServiceMethodInterceptor.invoke(ServiceMethodInterceptor.java:72)
	at org.springframework.aop.framework.ReflectiveMethodInvocation.proceed(ReflectiveMethodInvocation.java:172)
	at org.springframework.aop.framework.JdkDynamicAopProxy.invoke(JdkDynamicAopProxy.java:204)
	at com.sun.proxy.$Proxy19.getSuiteToken(Unknown Source)
	at com.dingtalk.isv.access.biz.scheduler.ReAuthFailedCorpJob.reAuthFaileApp(ReAuthFailedCorpJob.java:44)
	at sun.reflect.NativeMethodAccessorImpl.invoke0(Native Method)
	at sun.reflect.NativeMethodAccessorImpl.invoke(NativeMethodAccessorImpl.java:62)
	at sun.reflect.DelegatingMethodAccessorImpl.invoke(DelegatingMethodAccessorImpl.java:43)
	at java.lang.reflect.Method.invoke(Method.java:498)
	at org.springframework.scheduling.support.ScheduledMethodRunnable.run(ScheduledMethodRunnable.java:64)
	at org.springframework.scheduling.support.DelegatingErrorHandlingRunnable.run(DelegatingErrorHandlingRunnable.java:53)
	at org.springframework.scheduling.concurrent.ReschedulingRunnable.run(ReschedulingRunnable.java:81)
	at java.util.concurrent.Executors$RunnableAdapter.call(Executors.java:511)
	at java.util.concurrent.FutureTask.run(FutureTask.java:266)
	at java.util.concurrent.ScheduledThreadPoolExecutor$ScheduledFutureTask.access$201(ScheduledThreadPoolExecutor.java:180)
	at java.util.concurrent.ScheduledThreadPoolExecutor$ScheduledFutureTask.run(ScheduledThreadPoolExecutor.java:293)
	at java.util.concurrent.ThreadPoolExecutor.runWorker(ThreadPoolExecutor.java:1149)
	at java.util.concurrent.ThreadPoolExecutor$Worker.run(ThreadPoolExecutor.java:624)
	at java.lang.Thread.run(Thread.java:748)
2018-04-18 20:39:59,982 INFO  SuiteManageServiceImpl.getSuiteToken:148 - logEvent:结束traceId:b5a15875-2b76-4839-9b64-6788b10f170d		suiteKey:suite9wzt5ezjpfn1ypoo
2018-04-18 20:39:59,991 INFO  SuiteManageServiceImpl.saveOrUpdateSuiteToken:92 - logEvent:开始traceId:b5a15875-2b76-4839-9b64-6788b10f170d		suiteKey:suite9wzt5ezjpfn1ypoo
2018-04-18 20:40:00,019 ERROR SuiteManageServiceImpl.saveOrUpdateSuiteToken:136 - logEvent:结束traceId:b5a15875-2b76-4839-9b64-6788b10f170d		msg:程序异常	suiteKey:suite9wzt5ezjpfn1ypoo
java.lang.NullPointerException
	at com.dingtalk.isv.access.biz.service.SuiteManageServiceImpl.saveOrUpdateSuiteToken(SuiteManageServiceImpl.java:104)
	at com.dingtalk.isv.access.biz.service.SuiteManageServiceImpl.getSuiteToken(SuiteManageServiceImpl.java:159)
	at sun.reflect.NativeMethodAccessorImpl.invoke0(Native Method)
	at sun.reflect.NativeMethodAccessorImpl.invoke(NativeMethodAccessorImpl.java:62)
	at sun.reflect.DelegatingMethodAccessorImpl.invoke(DelegatingMethodAccessorImpl.java:43)
	at java.lang.reflect.Method.invoke(Method.java:498)
	at org.springframework.aop.support.AopUtils.invokeJoinpointUsingReflection(AopUtils.java:317)
	at org.springframework.aop.framework.ReflectiveMethodInvocation.invokeJoinpoint(ReflectiveMethodInvocation.java:183)
	at org.springframework.aop.framework.ReflectiveMethodInvocation.proceed(ReflectiveMethodInvocation.java:150)
	at com.dingtalk.isv.access.common.log.service.ServiceMethodInterceptor.invoke(ServiceMethodInterceptor.java:72)
	at org.springframework.aop.framework.ReflectiveMethodInvocation.proceed(ReflectiveMethodInvocation.java:172)
	at org.springframework.aop.framework.JdkDynamicAopProxy.invoke(JdkDynamicAopProxy.java:204)
	at com.sun.proxy.$Proxy19.getSuiteToken(Unknown Source)
	at com.dingtalk.isv.access.biz.scheduler.ReAuthFailedCorpJob.reAuthFaileApp(ReAuthFailedCorpJob.java:44)
	at sun.reflect.NativeMethodAccessorImpl.invoke0(Native Method)
	at sun.reflect.NativeMethodAccessorImpl.invoke(NativeMethodAccessorImpl.java:62)
	at sun.reflect.DelegatingMethodAccessorImpl.invoke(DelegatingMethodAccessorImpl.java:43)
	at java.lang.reflect.Method.invoke(Method.java:498)
	at org.springframework.scheduling.support.ScheduledMethodRunnable.run(ScheduledMethodRunnable.java:64)
	at org.springframework.scheduling.support.DelegatingErrorHandlingRunnable.run(DelegatingErrorHandlingRunnable.java:53)
	at org.springframework.scheduling.concurrent.ReschedulingRunnable.run(ReschedulingRunnable.java:81)
	at java.util.concurrent.Executors$RunnableAdapter.call(Executors.java:511)
	at java.util.concurrent.FutureTask.run(FutureTask.java:266)
	at java.util.concurrent.ScheduledThreadPoolExecutor$ScheduledFutureTask.access$201(ScheduledThreadPoolExecutor.java:180)
	at java.util.concurrent.ScheduledThreadPoolExecutor$ScheduledFutureTask.run(ScheduledThreadPoolExecutor.java:293)
	at java.util.concurrent.ThreadPoolExecutor.runWorker(ThreadPoolExecutor.java:1149)
	at java.util.concurrent.ThreadPoolExecutor$Worker.run(ThreadPoolExecutor.java:624)
	at java.lang.Thread.run(Thread.java:748)
2018-04-18 20:49:59,982 INFO  SuiteManageServiceImpl.getSuiteToken:148 - logEvent:结束traceId:b5a15875-2b76-4839-9b64-6788b10f170d		suiteKey:suite9wzt5ezjpfn1ypoo
2018-04-18 20:49:59,990 INFO  SuiteManageServiceImpl.saveOrUpdateSuiteToken:92 - logEvent:开始traceId:b5a15875-2b76-4839-9b64-6788b10f170d		suiteKey:suite9wzt5ezjpfn1ypoo
2018-04-18 20:50:00,018 ERROR SuiteManageServiceImpl.saveOrUpdateSuiteToken:136 - logEvent:结束traceId:b5a15875-2b76-4839-9b64-6788b10f170d		msg:程序异常	suiteKey:suite9wzt5ezjpfn1ypoo
java.lang.NullPointerException
	at com.dingtalk.isv.access.biz.service.SuiteManageServiceImpl.saveOrUpdateSuiteToken(SuiteManageServiceImpl.java:104)
	at com.dingtalk.isv.access.biz.service.SuiteManageServiceImpl.getSuiteToken(SuiteManageServiceImpl.java:159)
	at sun.reflect.NativeMethodAccessorImpl.invoke0(Native Method)
	at sun.reflect.NativeMethodAccessorImpl.invoke(NativeMethodAccessorImpl.java:62)
	at sun.reflect.DelegatingMethodAccessorImpl.invoke(DelegatingMethodAccessorImpl.java:43)
	at java.lang.reflect.Method.invoke(Method.java:498)
	at org.springframework.aop.support.AopUtils.invokeJoinpointUsingReflection(AopUtils.java:317)
	at org.springframework.aop.framework.ReflectiveMethodInvocation.invokeJoinpoint(ReflectiveMethodInvocation.java:183)
	at org.springframework.aop.framework.ReflectiveMethodInvocation.proceed(ReflectiveMethodInvocation.java:150)
	at com.dingtalk.isv.access.common.log.service.ServiceMethodInterceptor.invoke(ServiceMethodInterceptor.java:72)
	at org.springframework.aop.framework.ReflectiveMethodInvocation.proceed(ReflectiveMethodInvocation.java:172)
	at org.springframework.aop.framework.JdkDynamicAopProxy.invoke(JdkDynamicAopProxy.java:204)
	at com.sun.proxy.$Proxy19.getSuiteToken(Unknown Source)
	at com.dingtalk.isv.access.biz.scheduler.ReAuthFailedCorpJob.reAuthFaileApp(ReAuthFailedCorpJob.java:44)
	at sun.reflect.NativeMethodAccessorImpl.invoke0(Native Method)
	at sun.reflect.NativeMethodAccessorImpl.invoke(NativeMethodAccessorImpl.java:62)
	at sun.reflect.DelegatingMethodAccessorImpl.invoke(DelegatingMethodAccessorImpl.java:43)
	at java.lang.reflect.Method.invoke(Method.java:498)
	at org.springframework.scheduling.support.ScheduledMethodRunnable.run(ScheduledMethodRunnable.java:64)
	at org.springframework.scheduling.support.DelegatingErrorHandlingRunnable.run(DelegatingErrorHandlingRunnable.java:53)
	at org.springframework.scheduling.concurrent.ReschedulingRunnable.run(ReschedulingRunnable.java:81)
	at java.util.concurrent.Executors$RunnableAdapter.call(Executors.java:511)
	at java.util.concurrent.FutureTask.run(FutureTask.java:266)
	at java.util.concurrent.ScheduledThreadPoolExecutor$ScheduledFutureTask.access$201(ScheduledThreadPoolExecutor.java:180)
	at java.util.concurrent.ScheduledThreadPoolExecutor$ScheduledFutureTask.run(ScheduledThreadPoolExecutor.java:293)
	at java.util.concurrent.ThreadPoolExecutor.runWorker(ThreadPoolExecutor.java:1149)
	at java.util.concurrent.ThreadPoolExecutor$Worker.run(ThreadPoolExecutor.java:624)
	at java.lang.Thread.run(Thread.java:748)
2018-04-18 20:59:59,979 INFO  SuiteManageServiceImpl.getSuiteToken:148 - logEvent:结束traceId:b5a15875-2b76-4839-9b64-6788b10f170d		suiteKey:suite9wzt5ezjpfn1ypoo
2018-04-18 20:59:59,989 INFO  SuiteManageServiceImpl.saveOrUpdateSuiteToken:92 - logEvent:开始traceId:b5a15875-2b76-4839-9b64-6788b10f170d		suiteKey:suite9wzt5ezjpfn1ypoo
2018-04-18 21:00:00,016 ERROR SuiteManageServiceImpl.saveOrUpdateSuiteToken:136 - logEvent:结束traceId:b5a15875-2b76-4839-9b64-6788b10f170d		msg:程序异常	suiteKey:suite9wzt5ezjpfn1ypoo
java.lang.NullPointerException
	at com.dingtalk.isv.access.biz.service.SuiteManageServiceImpl.saveOrUpdateSuiteToken(SuiteManageServiceImpl.java:104)
	at com.dingtalk.isv.access.biz.service.SuiteManageServiceImpl.getSuiteToken(SuiteManageServiceImpl.java:159)
	at sun.reflect.NativeMethodAccessorImpl.invoke0(Native Method)
	at sun.reflect.NativeMethodAccessorImpl.invoke(NativeMethodAccessorImpl.java:62)
	at sun.reflect.DelegatingMethodAccessorImpl.invoke(DelegatingMethodAccessorImpl.java:43)
	at java.lang.reflect.Method.invoke(Method.java:498)
	at org.springframework.aop.support.AopUtils.invokeJoinpointUsingReflection(AopUtils.java:317)
	at org.springframework.aop.framework.ReflectiveMethodInvocation.invokeJoinpoint(ReflectiveMethodInvocation.java:183)
	at org.springframework.aop.framework.ReflectiveMethodInvocation.proceed(ReflectiveMethodInvocation.java:150)
	at com.dingtalk.isv.access.common.log.service.ServiceMethodInterceptor.invoke(ServiceMethodInterceptor.java:72)
	at org.springframework.aop.framework.ReflectiveMethodInvocation.proceed(ReflectiveMethodInvocation.java:172)
	at org.springframework.aop.framework.JdkDynamicAopProxy.invoke(JdkDynamicAopProxy.java:204)
	at com.sun.proxy.$Proxy19.getSuiteToken(Unknown Source)
	at com.dingtalk.isv.access.biz.scheduler.ReAuthFailedCorpJob.reAuthFaileApp(ReAuthFailedCorpJob.java:44)
	at sun.reflect.NativeMethodAccessorImpl.invoke0(Native Method)
	at sun.reflect.NativeMethodAccessorImpl.invoke(NativeMethodAccessorImpl.java:62)
	at sun.reflect.DelegatingMethodAccessorImpl.invoke(DelegatingMethodAccessorImpl.java:43)
	at java.lang.reflect.Method.invoke(Method.java:498)
	at org.springframework.scheduling.support.ScheduledMethodRunnable.run(ScheduledMethodRunnable.java:64)
	at org.springframework.scheduling.support.DelegatingErrorHandlingRunnable.run(DelegatingErrorHandlingRunnable.java:53)
	at org.springframework.scheduling.concurrent.ReschedulingRunnable.run(ReschedulingRunnable.java:81)
	at java.util.concurrent.Executors$RunnableAdapter.call(Executors.java:511)
	at java.util.concurrent.FutureTask.run(FutureTask.java:266)
	at java.util.concurrent.ScheduledThreadPoolExecutor$ScheduledFutureTask.access$201(ScheduledThreadPoolExecutor.java:180)
	at java.util.concurrent.ScheduledThreadPoolExecutor$ScheduledFutureTask.run(ScheduledThreadPoolExecutor.java:293)
	at java.util.concurrent.ThreadPoolExecutor.runWorker(ThreadPoolExecutor.java:1149)
	at java.util.concurrent.ThreadPoolExecutor$Worker.run(ThreadPoolExecutor.java:624)
	at java.lang.Thread.run(Thread.java:748)
2018-04-18 21:09:59,981 INFO  SuiteManageServiceImpl.getSuiteToken:148 - logEvent:结束traceId:b5a15875-2b76-4839-9b64-6788b10f170d		suiteKey:suite9wzt5ezjpfn1ypoo
2018-04-18 21:09:59,989 INFO  SuiteManageServiceImpl.saveOrUpdateSuiteToken:92 - logEvent:开始traceId:b5a15875-2b76-4839-9b64-6788b10f170d		suiteKey:suite9wzt5ezjpfn1ypoo
2018-04-18 21:10:00,015 ERROR SuiteManageServiceImpl.saveOrUpdateSuiteToken:136 - logEvent:结束traceId:b5a15875-2b76-4839-9b64-6788b10f170d		msg:程序异常	suiteKey:suite9wzt5ezjpfn1ypoo
java.lang.NullPointerException
	at com.dingtalk.isv.access.biz.service.SuiteManageServiceImpl.saveOrUpdateSuiteToken(SuiteManageServiceImpl.java:104)
	at com.dingtalk.isv.access.biz.service.SuiteManageServiceImpl.getSuiteToken(SuiteManageServiceImpl.java:159)
	at sun.reflect.NativeMethodAccessorImpl.invoke0(Native Method)
	at sun.reflect.NativeMethodAccessorImpl.invoke(NativeMethodAccessorImpl.java:62)
	at sun.reflect.DelegatingMethodAccessorImpl.invoke(DelegatingMethodAccessorImpl.java:43)
	at java.lang.reflect.Method.invoke(Method.java:498)
	at org.springframework.aop.support.AopUtils.invokeJoinpointUsingReflection(AopUtils.java:317)
	at org.springframework.aop.framework.ReflectiveMethodInvocation.invokeJoinpoint(ReflectiveMethodInvocation.java:183)
	at org.springframework.aop.framework.ReflectiveMethodInvocation.proceed(ReflectiveMethodInvocation.java:150)
	at com.dingtalk.isv.access.common.log.service.ServiceMethodInterceptor.invoke(ServiceMethodInterceptor.java:72)
	at org.springframework.aop.framework.ReflectiveMethodInvocation.proceed(ReflectiveMethodInvocation.java:172)
	at org.springframework.aop.framework.JdkDynamicAopProxy.invoke(JdkDynamicAopProxy.java:204)
	at com.sun.proxy.$Proxy19.getSuiteToken(Unknown Source)
	at com.dingtalk.isv.access.biz.scheduler.ReAuthFailedCorpJob.reAuthFaileApp(ReAuthFailedCorpJob.java:44)
	at sun.reflect.NativeMethodAccessorImpl.invoke0(Native Method)
	at sun.reflect.NativeMethodAccessorImpl.invoke(NativeMethodAccessorImpl.java:62)
	at sun.reflect.DelegatingMethodAccessorImpl.invoke(DelegatingMethodAccessorImpl.java:43)
	at java.lang.reflect.Method.invoke(Method.java:498)
	at org.springframework.scheduling.support.ScheduledMethodRunnable.run(ScheduledMethodRunnable.java:64)
	at org.springframework.scheduling.support.DelegatingErrorHandlingRunnable.run(DelegatingErrorHandlingRunnable.java:53)
	at org.springframework.scheduling.concurrent.ReschedulingRunnable.run(ReschedulingRunnable.java:81)
	at java.util.concurrent.Executors$RunnableAdapter.call(Executors.java:511)
	at java.util.concurrent.FutureTask.run(FutureTask.java:266)
	at java.util.concurrent.ScheduledThreadPoolExecutor$ScheduledFutureTask.access$201(ScheduledThreadPoolExecutor.java:180)
	at java.util.concurrent.ScheduledThreadPoolExecutor$ScheduledFutureTask.run(ScheduledThreadPoolExecutor.java:293)
	at java.util.concurrent.ThreadPoolExecutor.runWorker(ThreadPoolExecutor.java:1149)
	at java.util.concurrent.ThreadPoolExecutor$Worker.run(ThreadPoolExecutor.java:624)
	at java.lang.Thread.run(Thread.java:748)
2018-04-18 21:16:41,449 INFO  SuiteManageServiceImpl.getSuiteByKey:67 - logEvent:开始traceId:36473675-fcad-43d0-a271-772b2d3a7af4		suiteKey:suite9wzt5ezjpfn1ypoo
2018-04-18 21:19:59,981 INFO  SuiteManageServiceImpl.getSuiteToken:148 - logEvent:结束traceId:b5a15875-2b76-4839-9b64-6788b10f170d		suiteKey:suite9wzt5ezjpfn1ypoo
2018-04-18 21:19:59,990 INFO  SuiteManageServiceImpl.saveOrUpdateSuiteToken:92 - logEvent:开始traceId:b5a15875-2b76-4839-9b64-6788b10f170d		suiteKey:suite9wzt5ezjpfn1ypoo
2018-04-18 21:20:00,013 ERROR SuiteManageServiceImpl.saveOrUpdateSuiteToken:136 - logEvent:结束traceId:b5a15875-2b76-4839-9b64-6788b10f170d		msg:程序异常	suiteKey:suite9wzt5ezjpfn1ypoo
java.lang.NullPointerException
	at com.dingtalk.isv.access.biz.service.SuiteManageServiceImpl.saveOrUpdateSuiteToken(SuiteManageServiceImpl.java:104)
	at com.dingtalk.isv.access.biz.service.SuiteManageServiceImpl.getSuiteToken(SuiteManageServiceImpl.java:159)
	at sun.reflect.NativeMethodAccessorImpl.invoke0(Native Method)
	at sun.reflect.NativeMethodAccessorImpl.invoke(NativeMethodAccessorImpl.java:62)
	at sun.reflect.DelegatingMethodAccessorImpl.invoke(DelegatingMethodAccessorImpl.java:43)
	at java.lang.reflect.Method.invoke(Method.java:498)
	at org.springframework.aop.support.AopUtils.invokeJoinpointUsingReflection(AopUtils.java:317)
	at org.springframework.aop.framework.ReflectiveMethodInvocation.invokeJoinpoint(ReflectiveMethodInvocation.java:183)
	at org.springframework.aop.framework.ReflectiveMethodInvocation.proceed(ReflectiveMethodInvocation.java:150)
	at com.dingtalk.isv.access.common.log.service.ServiceMethodInterceptor.invoke(ServiceMethodInterceptor.java:72)
	at org.springframework.aop.framework.ReflectiveMethodInvocation.proceed(ReflectiveMethodInvocation.java:172)
	at org.springframework.aop.framework.JdkDynamicAopProxy.invoke(JdkDynamicAopProxy.java:204)
	at com.sun.proxy.$Proxy19.getSuiteToken(Unknown Source)
	at com.dingtalk.isv.access.biz.scheduler.ReAuthFailedCorpJob.reAuthFaileApp(ReAuthFailedCorpJob.java:44)
	at sun.reflect.NativeMethodAccessorImpl.invoke0(Native Method)
	at sun.reflect.NativeMethodAccessorImpl.invoke(NativeMethodAccessorImpl.java:62)
	at sun.reflect.DelegatingMethodAccessorImpl.invoke(DelegatingMethodAccessorImpl.java:43)
	at java.lang.reflect.Method.invoke(Method.java:498)
	at org.springframework.scheduling.support.ScheduledMethodRunnable.run(ScheduledMethodRunnable.java:64)
	at org.springframework.scheduling.support.DelegatingErrorHandlingRunnable.run(DelegatingErrorHandlingRunnable.java:53)
	at org.springframework.scheduling.concurrent.ReschedulingRunnable.run(ReschedulingRunnable.java:81)
	at java.util.concurrent.Executors$RunnableAdapter.call(Executors.java:511)
	at java.util.concurrent.FutureTask.run(FutureTask.java:266)
	at java.util.concurrent.ScheduledThreadPoolExecutor$ScheduledFutureTask.access$201(ScheduledThreadPoolExecutor.java:180)
	at java.util.concurrent.ScheduledThreadPoolExecutor$ScheduledFutureTask.run(ScheduledThreadPoolExecutor.java:293)
	at java.util.concurrent.ThreadPoolExecutor.runWorker(ThreadPoolExecutor.java:1149)
	at java.util.concurrent.ThreadPoolExecutor$Worker.run(ThreadPoolExecutor.java:624)
	at java.lang.Thread.run(Thread.java:748)
2018-04-18 21:29:59,977 INFO  SuiteManageServiceImpl.getSuiteToken:148 - logEvent:结束traceId:b5a15875-2b76-4839-9b64-6788b10f170d		suiteKey:suite9wzt5ezjpfn1ypoo
2018-04-18 21:29:59,984 INFO  SuiteManageServiceImpl.saveOrUpdateSuiteToken:92 - logEvent:开始traceId:b5a15875-2b76-4839-9b64-6788b10f170d		suiteKey:suite9wzt5ezjpfn1ypoo
2018-04-18 21:30:00,007 ERROR SuiteManageServiceImpl.saveOrUpdateSuiteToken:136 - logEvent:结束traceId:b5a15875-2b76-4839-9b64-6788b10f170d		msg:程序异常	suiteKey:suite9wzt5ezjpfn1ypoo
java.lang.NullPointerException
	at com.dingtalk.isv.access.biz.service.SuiteManageServiceImpl.saveOrUpdateSuiteToken(SuiteManageServiceImpl.java:104)
	at com.dingtalk.isv.access.biz.service.SuiteManageServiceImpl.getSuiteToken(SuiteManageServiceImpl.java:159)
	at sun.reflect.NativeMethodAccessorImpl.invoke0(Native Method)
	at sun.reflect.NativeMethodAccessorImpl.invoke(NativeMethodAccessorImpl.java:62)
	at sun.reflect.DelegatingMethodAccessorImpl.invoke(DelegatingMethodAccessorImpl.java:43)
	at java.lang.reflect.Method.invoke(Method.java:498)
	at org.springframework.aop.support.AopUtils.invokeJoinpointUsingReflection(AopUtils.java:317)
	at org.springframework.aop.framework.ReflectiveMethodInvocation.invokeJoinpoint(ReflectiveMethodInvocation.java:183)
	at org.springframework.aop.framework.ReflectiveMethodInvocation.proceed(ReflectiveMethodInvocation.java:150)
	at com.dingtalk.isv.access.common.log.service.ServiceMethodInterceptor.invoke(ServiceMethodInterceptor.java:72)
	at org.springframework.aop.framework.ReflectiveMethodInvocation.proceed(ReflectiveMethodInvocation.java:172)
	at org.springframework.aop.framework.JdkDynamicAopProxy.invoke(JdkDynamicAopProxy.java:204)
	at com.sun.proxy.$Proxy19.getSuiteToken(Unknown Source)
	at com.dingtalk.isv.access.biz.scheduler.ReAuthFailedCorpJob.reAuthFaileApp(ReAuthFailedCorpJob.java:44)
	at sun.reflect.NativeMethodAccessorImpl.invoke0(Native Method)
	at sun.reflect.NativeMethodAccessorImpl.invoke(NativeMethodAccessorImpl.java:62)
	at sun.reflect.DelegatingMethodAccessorImpl.invoke(DelegatingMethodAccessorImpl.java:43)
	at java.lang.reflect.Method.invoke(Method.java:498)
	at org.springframework.scheduling.support.ScheduledMethodRunnable.run(ScheduledMethodRunnable.java:64)
	at org.springframework.scheduling.support.DelegatingErrorHandlingRunnable.run(DelegatingErrorHandlingRunnable.java:53)
	at org.springframework.scheduling.concurrent.ReschedulingRunnable.run(ReschedulingRunnable.java:81)
	at java.util.concurrent.Executors$RunnableAdapter.call(Executors.java:511)
	at java.util.concurrent.FutureTask.run(FutureTask.java:266)
	at java.util.concurrent.ScheduledThreadPoolExecutor$ScheduledFutureTask.access$201(ScheduledThreadPoolExecutor.java:180)
	at java.util.concurrent.ScheduledThreadPoolExecutor$ScheduledFutureTask.run(ScheduledThreadPoolExecutor.java:293)
	at java.util.concurrent.ThreadPoolExecutor.runWorker(ThreadPoolExecutor.java:1149)
	at java.util.concurrent.ThreadPoolExecutor$Worker.run(ThreadPoolExecutor.java:624)
	at java.lang.Thread.run(Thread.java:748)
2018-04-18 21:39:59,982 INFO  SuiteManageServiceImpl.getSuiteToken:148 - logEvent:结束traceId:b5a15875-2b76-4839-9b64-6788b10f170d		suiteKey:suite9wzt5ezjpfn1ypoo
2018-04-18 21:39:59,992 INFO  SuiteManageServiceImpl.saveOrUpdateSuiteToken:92 - logEvent:开始traceId:b5a15875-2b76-4839-9b64-6788b10f170d		suiteKey:suite9wzt5ezjpfn1ypoo
2018-04-18 21:40:00,017 ERROR SuiteManageServiceImpl.saveOrUpdateSuiteToken:136 - logEvent:结束traceId:b5a15875-2b76-4839-9b64-6788b10f170d		msg:程序异常	suiteKey:suite9wzt5ezjpfn1ypoo
java.lang.NullPointerException
	at com.dingtalk.isv.access.biz.service.SuiteManageServiceImpl.saveOrUpdateSuiteToken(SuiteManageServiceImpl.java:104)
	at com.dingtalk.isv.access.biz.service.SuiteManageServiceImpl.getSuiteToken(SuiteManageServiceImpl.java:159)
	at sun.reflect.NativeMethodAccessorImpl.invoke0(Native Method)
	at sun.reflect.NativeMethodAccessorImpl.invoke(NativeMethodAccessorImpl.java:62)
	at sun.reflect.DelegatingMethodAccessorImpl.invoke(DelegatingMethodAccessorImpl.java:43)
	at java.lang.reflect.Method.invoke(Method.java:498)
	at org.springframework.aop.support.AopUtils.invokeJoinpointUsingReflection(AopUtils.java:317)
	at org.springframework.aop.framework.ReflectiveMethodInvocation.invokeJoinpoint(ReflectiveMethodInvocation.java:183)
	at org.springframework.aop.framework.ReflectiveMethodInvocation.proceed(ReflectiveMethodInvocation.java:150)
	at com.dingtalk.isv.access.common.log.service.ServiceMethodInterceptor.invoke(ServiceMethodInterceptor.java:72)
	at org.springframework.aop.framework.ReflectiveMethodInvocation.proceed(ReflectiveMethodInvocation.java:172)
	at org.springframework.aop.framework.JdkDynamicAopProxy.invoke(JdkDynamicAopProxy.java:204)
	at com.sun.proxy.$Proxy19.getSuiteToken(Unknown Source)
	at com.dingtalk.isv.access.biz.scheduler.ReAuthFailedCorpJob.reAuthFaileApp(ReAuthFailedCorpJob.java:44)
	at sun.reflect.NativeMethodAccessorImpl.invoke0(Native Method)
	at sun.reflect.NativeMethodAccessorImpl.invoke(NativeMethodAccessorImpl.java:62)
	at sun.reflect.DelegatingMethodAccessorImpl.invoke(DelegatingMethodAccessorImpl.java:43)
	at java.lang.reflect.Method.invoke(Method.java:498)
	at org.springframework.scheduling.support.ScheduledMethodRunnable.run(ScheduledMethodRunnable.java:64)
	at org.springframework.scheduling.support.DelegatingErrorHandlingRunnable.run(DelegatingErrorHandlingRunnable.java:53)
	at org.springframework.scheduling.concurrent.ReschedulingRunnable.run(ReschedulingRunnable.java:81)
	at java.util.concurrent.Executors$RunnableAdapter.call(Executors.java:511)
	at java.util.concurrent.FutureTask.run(FutureTask.java:266)
	at java.util.concurrent.ScheduledThreadPoolExecutor$ScheduledFutureTask.access$201(ScheduledThreadPoolExecutor.java:180)
	at java.util.concurrent.ScheduledThreadPoolExecutor$ScheduledFutureTask.run(ScheduledThreadPoolExecutor.java:293)
	at java.util.concurrent.ThreadPoolExecutor.runWorker(ThreadPoolExecutor.java:1149)
	at java.util.concurrent.ThreadPoolExecutor$Worker.run(ThreadPoolExecutor.java:624)
	at java.lang.Thread.run(Thread.java:748)
