2018-04-18 19:17:05,341 INFO  SuiteCallBackController.receiveCallBack:59 - logEvent:开始traceId:ba324375-4517-4dc4-b977-94b1f00f0183		suiteKey:suite9wzt5ezjpfn1ypoo	signature:f2234d56f4bb747993b95ba9f49feb06de02884b	timestamp:1524050224988	nonce:OL6Qx7Dh	json:{"encrypt":"7OhLe9txqDPtQSzHfGB85zznzYjxVNP5g0Z7avQWZiaOhaSTLC0bq5EK9J/vkzpe4DZo4iq1Y5Icvo+jxQCSdQ9Ly58eYsYpxvAzTXrNnrAmeK5e03krMfv/TIA7nvhZzOaMFUXS1Z0swJOEmv6cG5BPGbM6E0MyIVcWdR/EGDNMIIodIQlF4LeklbFeUdeIhHvLgqwaAf/1kD1WgQBCfw=="}
2018-04-18 19:17:05,792 ERROR SuiteCallBackController.receiveCallBack:97 - logEvent:结束traceId:ba324375-4517-4dc4-b977-94b1f00f0183		msg:解密失败程序异常	suiteKey:suite9wzt5ezjpfn1ypoo	signature:f2234d56f4bb747993b95ba9f49feb06de02884b	timestamp:1524050224988	nonce:OL6Qx7Dh	json:{"encrypt":"7OhLe9txqDPtQSzHfGB85zznzYjxVNP5g0Z7avQWZiaOhaSTLC0bq5EK9J/vkzpe4DZo4iq1Y5Icvo+jxQCSdQ9Ly58eYsYpxvAzTXrNnrAmeK5e03krMfv/TIA7nvhZzOaMFUXS1Z0swJOEmv6cG5BPGbM6E0MyIVcWdR/EGDNMIIodIQlF4LeklbFeUdeIhHvLgqwaAf/1kD1WgQBCfw=="}
com.dingtalk.oapi.lib.aes.DingTalkEncryptException: 计算解密文字错误
	at com.dingtalk.oapi.lib.aes.DingTalkEncryptor.decrypt(DingTalkEncryptor.java:164)
	at com.dingtalk.oapi.lib.aes.DingTalkEncryptor.getDecryptMsg(DingTalkEncryptor.java:109)
	at com.dingtalk.isv.access.web.controller.suite.callback.SuiteCallBackController.receiveCallBack(SuiteCallBackController.java:74)
	at com.dingtalk.isv.access.web.controller.suite.callback.SuiteCallBackController$$FastClassBySpringCGLIB$$8ac1ce8d.invoke(<generated>)
	at org.springframework.cglib.proxy.MethodProxy.invoke(MethodProxy.java:204)
	at org.springframework.aop.framework.CglibAopProxy$CglibMethodInvocation.invokeJoinpoint(CglibAopProxy.java:700)
	at org.springframework.aop.framework.ReflectiveMethodInvocation.proceed(ReflectiveMethodInvocation.java:150)
	at org.springframework.aop.aspectj.MethodInvocationProceedingJoinPoint.proceed(MethodInvocationProceedingJoinPoint.java:80)
	at com.dingtalk.isv.access.web.interceptor.ControllorAOP.handler(ControllorAOP.java:46)
	at sun.reflect.NativeMethodAccessorImpl.invoke0(Native Method)
	at sun.reflect.NativeMethodAccessorImpl.invoke(NativeMethodAccessorImpl.java:62)
	at sun.reflect.DelegatingMethodAccessorImpl.invoke(DelegatingMethodAccessorImpl.java:43)
	at java.lang.reflect.Method.invoke(Method.java:498)
	at org.springframework.aop.aspectj.AbstractAspectJAdvice.invokeAdviceMethodWithGivenArgs(AbstractAspectJAdvice.java:621)
	at org.springframework.aop.aspectj.AbstractAspectJAdvice.invokeAdviceMethod(AbstractAspectJAdvice.java:610)
	at org.springframework.aop.aspectj.AspectJAroundAdvice.invoke(AspectJAroundAdvice.java:65)
	at org.springframework.aop.framework.ReflectiveMethodInvocation.proceed(ReflectiveMethodInvocation.java:172)
	at org.springframework.aop.interceptor.ExposeInvocationInterceptor.invoke(ExposeInvocationInterceptor.java:91)
	at org.springframework.aop.framework.ReflectiveMethodInvocation.proceed(ReflectiveMethodInvocation.java:172)
	at org.springframework.aop.framework.CglibAopProxy$DynamicAdvisedInterceptor.intercept(CglibAopProxy.java:633)
	at com.dingtalk.isv.access.web.controller.suite.callback.SuiteCallBackController$$EnhancerBySpringCGLIB$$961e8e51.receiveCallBack(<generated>)
	at sun.reflect.NativeMethodAccessorImpl.invoke0(Native Method)
	at sun.reflect.NativeMethodAccessorImpl.invoke(NativeMethodAccessorImpl.java:62)
	at sun.reflect.DelegatingMethodAccessorImpl.invoke(DelegatingMethodAccessorImpl.java:43)
	at java.lang.reflect.Method.invoke(Method.java:498)
	at org.springframework.web.method.support.InvocableHandlerMethod.invoke(InvocableHandlerMethod.java:215)
	at org.springframework.web.method.support.InvocableHandlerMethod.invokeForRequest(InvocableHandlerMethod.java:132)
	at org.springframework.web.servlet.mvc.method.annotation.ServletInvocableHandlerMethod.invokeAndHandle(ServletInvocableHandlerMethod.java:104)
	at org.springframework.web.servlet.mvc.method.annotation.RequestMappingHandlerAdapter.invokeHandleMethod(RequestMappingHandlerAdapter.java:745)
	at org.springframework.web.servlet.mvc.method.annotation.RequestMappingHandlerAdapter.handleInternal(RequestMappingHandlerAdapter.java:686)
	at org.springframework.web.servlet.mvc.method.AbstractHandlerMethodAdapter.handle(AbstractHandlerMethodAdapter.java:80)
	at org.springframework.web.servlet.DispatcherServlet.doDispatch(DispatcherServlet.java:925)
	at org.springframework.web.servlet.DispatcherServlet.doService(DispatcherServlet.java:856)
	at org.springframework.web.servlet.FrameworkServlet.processRequest(FrameworkServlet.java:953)
	at org.springframework.web.servlet.FrameworkServlet.doPost(FrameworkServlet.java:855)
	at javax.servlet.http.HttpServlet.service(HttpServlet.java:661)
	at org.springframework.web.servlet.FrameworkServlet.service(FrameworkServlet.java:829)
	at javax.servlet.http.HttpServlet.service(HttpServlet.java:742)
	at org.apache.catalina.core.ApplicationFilterChain.internalDoFilter(ApplicationFilterChain.java:231)
	at org.apache.catalina.core.ApplicationFilterChain.doFilter(ApplicationFilterChain.java:166)
	at org.apache.tomcat.websocket.server.WsFilter.doFilter(WsFilter.java:52)
	at org.apache.catalina.core.ApplicationFilterChain.internalDoFilter(ApplicationFilterChain.java:193)
	at org.apache.catalina.core.ApplicationFilterChain.doFilter(ApplicationFilterChain.java:166)
	at org.springframework.web.filter.CharacterEncodingFilter.doFilterInternal(CharacterEncodingFilter.java:88)
	at org.springframework.web.filter.OncePerRequestFilter.doFilter(OncePerRequestFilter.java:107)
	at org.apache.catalina.core.ApplicationFilterChain.internalDoFilter(ApplicationFilterChain.java:193)
	at org.apache.catalina.core.ApplicationFilterChain.doFilter(ApplicationFilterChain.java:166)
	at org.apache.catalina.core.StandardWrapperValve.invoke(StandardWrapperValve.java:199)
	at org.apache.catalina.core.StandardContextValve.invoke(StandardContextValve.java:96)
	at org.apache.catalina.authenticator.AuthenticatorBase.invoke(AuthenticatorBase.java:478)
	at org.apache.catalina.core.StandardHostValve.invoke(StandardHostValve.java:140)
	at org.apache.catalina.valves.ErrorReportValve.invoke(ErrorReportValve.java:81)
	at org.apache.catalina.valves.AbstractAccessLogValve.invoke(AbstractAccessLogValve.java:650)
	at org.apache.catalina.core.StandardEngineValve.invoke(StandardEngineValve.java:87)
	at org.apache.catalina.connector.CoyoteAdapter.service(CoyoteAdapter.java:342)
	at org.apache.coyote.http11.Http11Processor.service(Http11Processor.java:803)
	at org.apache.coyote.AbstractProcessorLight.process(AbstractProcessorLight.java:66)
	at org.apache.coyote.AbstractProtocol$ConnectionHandler.process(AbstractProtocol.java:868)
	at org.apache.tomcat.util.net.NioEndpoint$SocketProcessor.doRun(NioEndpoint.java:1459)
	at org.apache.tomcat.util.net.SocketProcessorBase.run(SocketProcessorBase.java:49)
	at java.util.concurrent.ThreadPoolExecutor.runWorker(ThreadPoolExecutor.java:1149)
	at java.util.concurrent.ThreadPoolExecutor$Worker.run(ThreadPoolExecutor.java:624)
	at org.apache.tomcat.util.threads.TaskThread$WrappingRunnable.run(TaskThread.java:61)
	at java.lang.Thread.run(Thread.java:748)
2018-04-18 19:23:17,295 INFO  SuiteCallBackController.receiveCallBack:59 - logEvent:开始traceId:7ddeb899-bd3c-4498-a540-8d69912403fd		suiteKey:suite9wzt5ezjpfn1ypoo	signature:d5f72bdc94b1ed7e6a7a43b1d26f3ec38f26ad86	timestamp:1524050596990	nonce:4vKNWARy	json:{"encrypt":"unbW7HZr4kfT4KzUwH/F4XT8nrRoq1LLbkcU4s95iV90x3oiy9A9dpRc1PsE2z81E82kWbRDx7Z+n1K3lYNeLuJuduPtRHk2XGqjb1tCHIlS6XN6N/HL0RZCmYTdU8aFe7w6ZvGQZT9itJ+IUqwiVjXiMy0uwnWBzoyJ4loIO1ysG4ZdPPLZ+skRw5yROQmxC+fpqvcTwy7aKTjNisVH/g=="}
2018-04-18 19:23:17,305 ERROR SuiteCallBackController.receiveCallBack:97 - logEvent:结束traceId:7ddeb899-bd3c-4498-a540-8d69912403fd		msg:解密失败程序异常	suiteKey:suite9wzt5ezjpfn1ypoo	signature:d5f72bdc94b1ed7e6a7a43b1d26f3ec38f26ad86	timestamp:1524050596990	nonce:4vKNWARy	json:{"encrypt":"unbW7HZr4kfT4KzUwH/F4XT8nrRoq1LLbkcU4s95iV90x3oiy9A9dpRc1PsE2z81E82kWbRDx7Z+n1K3lYNeLuJuduPtRHk2XGqjb1tCHIlS6XN6N/HL0RZCmYTdU8aFe7w6ZvGQZT9itJ+IUqwiVjXiMy0uwnWBzoyJ4loIO1ysG4ZdPPLZ+skRw5yROQmxC+fpqvcTwy7aKTjNisVH/g=="}
com.dingtalk.oapi.lib.aes.DingTalkEncryptException: 计算解密文字错误
	at com.dingtalk.oapi.lib.aes.DingTalkEncryptor.decrypt(DingTalkEncryptor.java:164)
	at com.dingtalk.oapi.lib.aes.DingTalkEncryptor.getDecryptMsg(DingTalkEncryptor.java:109)
	at com.dingtalk.isv.access.web.controller.suite.callback.SuiteCallBackController.receiveCallBack(SuiteCallBackController.java:74)
	at com.dingtalk.isv.access.web.controller.suite.callback.SuiteCallBackController$$FastClassBySpringCGLIB$$8ac1ce8d.invoke(<generated>)
	at org.springframework.cglib.proxy.MethodProxy.invoke(MethodProxy.java:204)
	at org.springframework.aop.framework.CglibAopProxy$CglibMethodInvocation.invokeJoinpoint(CglibAopProxy.java:700)
	at org.springframework.aop.framework.ReflectiveMethodInvocation.proceed(ReflectiveMethodInvocation.java:150)
	at org.springframework.aop.aspectj.MethodInvocationProceedingJoinPoint.proceed(MethodInvocationProceedingJoinPoint.java:80)
	at com.dingtalk.isv.access.web.interceptor.ControllorAOP.handler(ControllorAOP.java:46)
	at sun.reflect.NativeMethodAccessorImpl.invoke0(Native Method)
	at sun.reflect.NativeMethodAccessorImpl.invoke(NativeMethodAccessorImpl.java:62)
	at sun.reflect.DelegatingMethodAccessorImpl.invoke(DelegatingMethodAccessorImpl.java:43)
	at java.lang.reflect.Method.invoke(Method.java:498)
	at org.springframework.aop.aspectj.AbstractAspectJAdvice.invokeAdviceMethodWithGivenArgs(AbstractAspectJAdvice.java:621)
	at org.springframework.aop.aspectj.AbstractAspectJAdvice.invokeAdviceMethod(AbstractAspectJAdvice.java:610)
	at org.springframework.aop.aspectj.AspectJAroundAdvice.invoke(AspectJAroundAdvice.java:65)
	at org.springframework.aop.framework.ReflectiveMethodInvocation.proceed(ReflectiveMethodInvocation.java:172)
	at org.springframework.aop.interceptor.ExposeInvocationInterceptor.invoke(ExposeInvocationInterceptor.java:91)
	at org.springframework.aop.framework.ReflectiveMethodInvocation.proceed(ReflectiveMethodInvocation.java:172)
	at org.springframework.aop.framework.CglibAopProxy$DynamicAdvisedInterceptor.intercept(CglibAopProxy.java:633)
	at com.dingtalk.isv.access.web.controller.suite.callback.SuiteCallBackController$$EnhancerBySpringCGLIB$$961e8e51.receiveCallBack(<generated>)
	at sun.reflect.NativeMethodAccessorImpl.invoke0(Native Method)
	at sun.reflect.NativeMethodAccessorImpl.invoke(NativeMethodAccessorImpl.java:62)
	at sun.reflect.DelegatingMethodAccessorImpl.invoke(DelegatingMethodAccessorImpl.java:43)
	at java.lang.reflect.Method.invoke(Method.java:498)
	at org.springframework.web.method.support.InvocableHandlerMethod.invoke(InvocableHandlerMethod.java:215)
	at org.springframework.web.method.support.InvocableHandlerMethod.invokeForRequest(InvocableHandlerMethod.java:132)
	at org.springframework.web.servlet.mvc.method.annotation.ServletInvocableHandlerMethod.invokeAndHandle(ServletInvocableHandlerMethod.java:104)
	at org.springframework.web.servlet.mvc.method.annotation.RequestMappingHandlerAdapter.invokeHandleMethod(RequestMappingHandlerAdapter.java:745)
	at org.springframework.web.servlet.mvc.method.annotation.RequestMappingHandlerAdapter.handleInternal(RequestMappingHandlerAdapter.java:686)
	at org.springframework.web.servlet.mvc.method.AbstractHandlerMethodAdapter.handle(AbstractHandlerMethodAdapter.java:80)
	at org.springframework.web.servlet.DispatcherServlet.doDispatch(DispatcherServlet.java:925)
	at org.springframework.web.servlet.DispatcherServlet.doService(DispatcherServlet.java:856)
	at org.springframework.web.servlet.FrameworkServlet.processRequest(FrameworkServlet.java:953)
	at org.springframework.web.servlet.FrameworkServlet.doPost(FrameworkServlet.java:855)
	at javax.servlet.http.HttpServlet.service(HttpServlet.java:661)
	at org.springframework.web.servlet.FrameworkServlet.service(FrameworkServlet.java:829)
	at javax.servlet.http.HttpServlet.service(HttpServlet.java:742)
	at org.apache.catalina.core.ApplicationFilterChain.internalDoFilter(ApplicationFilterChain.java:231)
	at org.apache.catalina.core.ApplicationFilterChain.doFilter(ApplicationFilterChain.java:166)
	at org.apache.tomcat.websocket.server.WsFilter.doFilter(WsFilter.java:52)
	at org.apache.catalina.core.ApplicationFilterChain.internalDoFilter(ApplicationFilterChain.java:193)
	at org.apache.catalina.core.ApplicationFilterChain.doFilter(ApplicationFilterChain.java:166)
	at org.springframework.web.filter.CharacterEncodingFilter.doFilterInternal(CharacterEncodingFilter.java:88)
	at org.springframework.web.filter.OncePerRequestFilter.doFilter(OncePerRequestFilter.java:107)
	at org.apache.catalina.core.ApplicationFilterChain.internalDoFilter(ApplicationFilterChain.java:193)
	at org.apache.catalina.core.ApplicationFilterChain.doFilter(ApplicationFilterChain.java:166)
	at org.apache.catalina.core.StandardWrapperValve.invoke(StandardWrapperValve.java:199)
	at org.apache.catalina.core.StandardContextValve.invoke(StandardContextValve.java:96)
	at org.apache.catalina.authenticator.AuthenticatorBase.invoke(AuthenticatorBase.java:478)
	at org.apache.catalina.core.StandardHostValve.invoke(StandardHostValve.java:140)
	at org.apache.catalina.valves.ErrorReportValve.invoke(ErrorReportValve.java:81)
	at org.apache.catalina.valves.AbstractAccessLogValve.invoke(AbstractAccessLogValve.java:650)
	at org.apache.catalina.core.StandardEngineValve.invoke(StandardEngineValve.java:87)
	at org.apache.catalina.connector.CoyoteAdapter.service(CoyoteAdapter.java:342)
	at org.apache.coyote.http11.Http11Processor.service(Http11Processor.java:803)
	at org.apache.coyote.AbstractProcessorLight.process(AbstractProcessorLight.java:66)
	at org.apache.coyote.AbstractProtocol$ConnectionHandler.process(AbstractProtocol.java:868)
	at org.apache.tomcat.util.net.NioEndpoint$SocketProcessor.doRun(NioEndpoint.java:1459)
	at org.apache.tomcat.util.net.SocketProcessorBase.run(SocketProcessorBase.java:49)
	at java.util.concurrent.ThreadPoolExecutor.runWorker(ThreadPoolExecutor.java:1149)
	at java.util.concurrent.ThreadPoolExecutor$Worker.run(ThreadPoolExecutor.java:624)
	at org.apache.tomcat.util.threads.TaskThread$WrappingRunnable.run(TaskThread.java:61)
	at java.lang.Thread.run(Thread.java:748)
2018-04-18 19:34:29,771 INFO  SuiteCallBackController.receiveCallBack:59 - logEvent:开始traceId:fba999cf-82e9-40c6-8229-30e756b1213a		suiteKey:suite9wzt5ezjpfn1ypoo	signature:f9d5c47ecc4ffb7109431ad63182aa777720a9a2	timestamp:1524051269545	nonce:SD2xbbiA	json:{"encrypt":"b/QJfPC15OIOaLX/IbZOI0a6CO+LfFWDIXmop1++RKQ0ld/540POkPNrhocA0t5WQKaeDrZNqOPlckqDrKUzoSSKTXmM+OUjbpGHuGhWMQ16RpfN5HijcGEzcxf6hmwIZtSdzOemmMym7XgUO0RJWSE/x2QP1Jk8kZZlVdgTuk7mq3qJvFtNOA+RXHwPHTAHooEKIPvRv1NYVrunqGx1Cg=="}
2018-04-18 19:34:30,231 ERROR SuiteCallBackController.receiveCallBack:97 - logEvent:结束traceId:fba999cf-82e9-40c6-8229-30e756b1213a		msg:解密失败程序异常	suiteKey:suite9wzt5ezjpfn1ypoo	signature:f9d5c47ecc4ffb7109431ad63182aa777720a9a2	timestamp:1524051269545	nonce:SD2xbbiA	json:{"encrypt":"b/QJfPC15OIOaLX/IbZOI0a6CO+LfFWDIXmop1++RKQ0ld/540POkPNrhocA0t5WQKaeDrZNqOPlckqDrKUzoSSKTXmM+OUjbpGHuGhWMQ16RpfN5HijcGEzcxf6hmwIZtSdzOemmMym7XgUO0RJWSE/x2QP1Jk8kZZlVdgTuk7mq3qJvFtNOA+RXHwPHTAHooEKIPvRv1NYVrunqGx1Cg=="}
com.dingtalk.oapi.lib.aes.DingTalkEncryptException: 计算解密文字错误
	at com.dingtalk.oapi.lib.aes.DingTalkEncryptor.decrypt(DingTalkEncryptor.java:164)
	at com.dingtalk.oapi.lib.aes.DingTalkEncryptor.getDecryptMsg(DingTalkEncryptor.java:109)
	at com.dingtalk.isv.access.web.controller.suite.callback.SuiteCallBackController.receiveCallBack(SuiteCallBackController.java:74)
	at com.dingtalk.isv.access.web.controller.suite.callback.SuiteCallBackController$$FastClassBySpringCGLIB$$8ac1ce8d.invoke(<generated>)
	at org.springframework.cglib.proxy.MethodProxy.invoke(MethodProxy.java:204)
	at org.springframework.aop.framework.CglibAopProxy$CglibMethodInvocation.invokeJoinpoint(CglibAopProxy.java:700)
	at org.springframework.aop.framework.ReflectiveMethodInvocation.proceed(ReflectiveMethodInvocation.java:150)
	at org.springframework.aop.aspectj.MethodInvocationProceedingJoinPoint.proceed(MethodInvocationProceedingJoinPoint.java:80)
	at com.dingtalk.isv.access.web.interceptor.ControllorAOP.handler(ControllorAOP.java:46)
	at sun.reflect.NativeMethodAccessorImpl.invoke0(Native Method)
	at sun.reflect.NativeMethodAccessorImpl.invoke(NativeMethodAccessorImpl.java:62)
	at sun.reflect.DelegatingMethodAccessorImpl.invoke(DelegatingMethodAccessorImpl.java:43)
	at java.lang.reflect.Method.invoke(Method.java:498)
	at org.springframework.aop.aspectj.AbstractAspectJAdvice.invokeAdviceMethodWithGivenArgs(AbstractAspectJAdvice.java:621)
	at org.springframework.aop.aspectj.AbstractAspectJAdvice.invokeAdviceMethod(AbstractAspectJAdvice.java:610)
	at org.springframework.aop.aspectj.AspectJAroundAdvice.invoke(AspectJAroundAdvice.java:65)
	at org.springframework.aop.framework.ReflectiveMethodInvocation.proceed(ReflectiveMethodInvocation.java:172)
	at org.springframework.aop.interceptor.ExposeInvocationInterceptor.invoke(ExposeInvocationInterceptor.java:91)
	at org.springframework.aop.framework.ReflectiveMethodInvocation.proceed(ReflectiveMethodInvocation.java:172)
	at org.springframework.aop.framework.CglibAopProxy$DynamicAdvisedInterceptor.intercept(CglibAopProxy.java:633)
	at com.dingtalk.isv.access.web.controller.suite.callback.SuiteCallBackController$$EnhancerBySpringCGLIB$$53576347.receiveCallBack(<generated>)
	at sun.reflect.NativeMethodAccessorImpl.invoke0(Native Method)
	at sun.reflect.NativeMethodAccessorImpl.invoke(NativeMethodAccessorImpl.java:62)
	at sun.reflect.DelegatingMethodAccessorImpl.invoke(DelegatingMethodAccessorImpl.java:43)
	at java.lang.reflect.Method.invoke(Method.java:498)
	at org.springframework.web.method.support.InvocableHandlerMethod.invoke(InvocableHandlerMethod.java:215)
	at org.springframework.web.method.support.InvocableHandlerMethod.invokeForRequest(InvocableHandlerMethod.java:132)
	at org.springframework.web.servlet.mvc.method.annotation.ServletInvocableHandlerMethod.invokeAndHandle(ServletInvocableHandlerMethod.java:104)
	at org.springframework.web.servlet.mvc.method.annotation.RequestMappingHandlerAdapter.invokeHandleMethod(RequestMappingHandlerAdapter.java:745)
	at org.springframework.web.servlet.mvc.method.annotation.RequestMappingHandlerAdapter.handleInternal(RequestMappingHandlerAdapter.java:686)
	at org.springframework.web.servlet.mvc.method.AbstractHandlerMethodAdapter.handle(AbstractHandlerMethodAdapter.java:80)
	at org.springframework.web.servlet.DispatcherServlet.doDispatch(DispatcherServlet.java:925)
	at org.springframework.web.servlet.DispatcherServlet.doService(DispatcherServlet.java:856)
	at org.springframework.web.servlet.FrameworkServlet.processRequest(FrameworkServlet.java:953)
	at org.springframework.web.servlet.FrameworkServlet.doPost(FrameworkServlet.java:855)
	at javax.servlet.http.HttpServlet.service(HttpServlet.java:661)
	at org.springframework.web.servlet.FrameworkServlet.service(FrameworkServlet.java:829)
	at javax.servlet.http.HttpServlet.service(HttpServlet.java:742)
	at org.apache.catalina.core.ApplicationFilterChain.internalDoFilter(ApplicationFilterChain.java:231)
	at org.apache.catalina.core.ApplicationFilterChain.doFilter(ApplicationFilterChain.java:166)
	at org.apache.tomcat.websocket.server.WsFilter.doFilter(WsFilter.java:52)
	at org.apache.catalina.core.ApplicationFilterChain.internalDoFilter(ApplicationFilterChain.java:193)
	at org.apache.catalina.core.ApplicationFilterChain.doFilter(ApplicationFilterChain.java:166)
	at org.springframework.web.filter.CharacterEncodingFilter.doFilterInternal(CharacterEncodingFilter.java:88)
	at org.springframework.web.filter.OncePerRequestFilter.doFilter(OncePerRequestFilter.java:107)
	at org.apache.catalina.core.ApplicationFilterChain.internalDoFilter(ApplicationFilterChain.java:193)
	at org.apache.catalina.core.ApplicationFilterChain.doFilter(ApplicationFilterChain.java:166)
	at org.apache.catalina.core.StandardWrapperValve.invoke(StandardWrapperValve.java:199)
	at org.apache.catalina.core.StandardContextValve.invoke(StandardContextValve.java:96)
	at org.apache.catalina.authenticator.AuthenticatorBase.invoke(AuthenticatorBase.java:478)
	at org.apache.catalina.core.StandardHostValve.invoke(StandardHostValve.java:140)
	at org.apache.catalina.valves.ErrorReportValve.invoke(ErrorReportValve.java:81)
	at org.apache.catalina.valves.AbstractAccessLogValve.invoke(AbstractAccessLogValve.java:650)
	at org.apache.catalina.core.StandardEngineValve.invoke(StandardEngineValve.java:87)
	at org.apache.catalina.connector.CoyoteAdapter.service(CoyoteAdapter.java:342)
	at org.apache.coyote.http11.Http11Processor.service(Http11Processor.java:803)
	at org.apache.coyote.AbstractProcessorLight.process(AbstractProcessorLight.java:66)
	at org.apache.coyote.AbstractProtocol$ConnectionHandler.process(AbstractProtocol.java:868)
	at org.apache.tomcat.util.net.NioEndpoint$SocketProcessor.doRun(NioEndpoint.java:1459)
	at org.apache.tomcat.util.net.SocketProcessorBase.run(SocketProcessorBase.java:49)
	at java.util.concurrent.ThreadPoolExecutor.runWorker(ThreadPoolExecutor.java:1149)
	at java.util.concurrent.ThreadPoolExecutor$Worker.run(ThreadPoolExecutor.java:624)
	at org.apache.tomcat.util.threads.TaskThread$WrappingRunnable.run(TaskThread.java:61)
	at java.lang.Thread.run(Thread.java:748)
2018-04-18 19:47:20,485 INFO  SuiteCallBackController.receiveCallBack:59 - logEvent:开始traceId:cb85e2e0-79dd-4635-9166-4da2bd93b140		suiteKey:suite9wzt5ezjpfn1ypoo	signature:5d0a295418a6577572ae2fe70ae5bd98283564f6	timestamp:1524052040177	nonce:lkLEbzjR	json:{"encrypt":"/xzk5IsrL5KUF2hCNd+bJt1auxYIrtbdLb35uZdTH4dP8T5ny5/4VcssMdKhtLZWDZND9Tja1W6MI44/FEAtojiGFZplzfEV3lguXs3TpPOAq8oG1jPOHoLl4MfYoQ42s3PKapY/f340+diFt4z/lVdo4A9TY6voCRPAkWcpdycnVBBQKYt/hJ5YtmGLZpCA+sizcZjcyRTIOuFzHr7RYA=="}
2018-04-18 19:47:20,496 ERROR SuiteCallBackController.receiveCallBack:97 - logEvent:结束traceId:cb85e2e0-79dd-4635-9166-4da2bd93b140		msg:解密失败程序异常	suiteKey:suite9wzt5ezjpfn1ypoo	signature:5d0a295418a6577572ae2fe70ae5bd98283564f6	timestamp:1524052040177	nonce:lkLEbzjR	json:{"encrypt":"/xzk5IsrL5KUF2hCNd+bJt1auxYIrtbdLb35uZdTH4dP8T5ny5/4VcssMdKhtLZWDZND9Tja1W6MI44/FEAtojiGFZplzfEV3lguXs3TpPOAq8oG1jPOHoLl4MfYoQ42s3PKapY/f340+diFt4z/lVdo4A9TY6voCRPAkWcpdycnVBBQKYt/hJ5YtmGLZpCA+sizcZjcyRTIOuFzHr7RYA=="}
com.dingtalk.oapi.lib.aes.DingTalkEncryptException: 计算解密文字错误
	at com.dingtalk.oapi.lib.aes.DingTalkEncryptor.decrypt(DingTalkEncryptor.java:164)
	at com.dingtalk.oapi.lib.aes.DingTalkEncryptor.getDecryptMsg(DingTalkEncryptor.java:109)
	at com.dingtalk.isv.access.web.controller.suite.callback.SuiteCallBackController.receiveCallBack(SuiteCallBackController.java:74)
	at com.dingtalk.isv.access.web.controller.suite.callback.SuiteCallBackController$$FastClassBySpringCGLIB$$8ac1ce8d.invoke(<generated>)
	at org.springframework.cglib.proxy.MethodProxy.invoke(MethodProxy.java:204)
	at org.springframework.aop.framework.CglibAopProxy$CglibMethodInvocation.invokeJoinpoint(CglibAopProxy.java:700)
	at org.springframework.aop.framework.ReflectiveMethodInvocation.proceed(ReflectiveMethodInvocation.java:150)
	at org.springframework.aop.aspectj.MethodInvocationProceedingJoinPoint.proceed(MethodInvocationProceedingJoinPoint.java:80)
	at com.dingtalk.isv.access.web.interceptor.ControllorAOP.handler(ControllorAOP.java:46)
	at sun.reflect.NativeMethodAccessorImpl.invoke0(Native Method)
	at sun.reflect.NativeMethodAccessorImpl.invoke(NativeMethodAccessorImpl.java:62)
	at sun.reflect.DelegatingMethodAccessorImpl.invoke(DelegatingMethodAccessorImpl.java:43)
	at java.lang.reflect.Method.invoke(Method.java:498)
	at org.springframework.aop.aspectj.AbstractAspectJAdvice.invokeAdviceMethodWithGivenArgs(AbstractAspectJAdvice.java:621)
	at org.springframework.aop.aspectj.AbstractAspectJAdvice.invokeAdviceMethod(AbstractAspectJAdvice.java:610)
	at org.springframework.aop.aspectj.AspectJAroundAdvice.invoke(AspectJAroundAdvice.java:65)
	at org.springframework.aop.framework.ReflectiveMethodInvocation.proceed(ReflectiveMethodInvocation.java:172)
	at org.springframework.aop.interceptor.ExposeInvocationInterceptor.invoke(ExposeInvocationInterceptor.java:91)
	at org.springframework.aop.framework.ReflectiveMethodInvocation.proceed(ReflectiveMethodInvocation.java:172)
	at org.springframework.aop.framework.CglibAopProxy$DynamicAdvisedInterceptor.intercept(CglibAopProxy.java:633)
	at com.dingtalk.isv.access.web.controller.suite.callback.SuiteCallBackController$$EnhancerBySpringCGLIB$$53576347.receiveCallBack(<generated>)
	at sun.reflect.NativeMethodAccessorImpl.invoke0(Native Method)
	at sun.reflect.NativeMethodAccessorImpl.invoke(NativeMethodAccessorImpl.java:62)
	at sun.reflect.DelegatingMethodAccessorImpl.invoke(DelegatingMethodAccessorImpl.java:43)
	at java.lang.reflect.Method.invoke(Method.java:498)
	at org.springframework.web.method.support.InvocableHandlerMethod.invoke(InvocableHandlerMethod.java:215)
	at org.springframework.web.method.support.InvocableHandlerMethod.invokeForRequest(InvocableHandlerMethod.java:132)
	at org.springframework.web.servlet.mvc.method.annotation.ServletInvocableHandlerMethod.invokeAndHandle(ServletInvocableHandlerMethod.java:104)
	at org.springframework.web.servlet.mvc.method.annotation.RequestMappingHandlerAdapter.invokeHandleMethod(RequestMappingHandlerAdapter.java:745)
	at org.springframework.web.servlet.mvc.method.annotation.RequestMappingHandlerAdapter.handleInternal(RequestMappingHandlerAdapter.java:686)
	at org.springframework.web.servlet.mvc.method.AbstractHandlerMethodAdapter.handle(AbstractHandlerMethodAdapter.java:80)
	at org.springframework.web.servlet.DispatcherServlet.doDispatch(DispatcherServlet.java:925)
	at org.springframework.web.servlet.DispatcherServlet.doService(DispatcherServlet.java:856)
	at org.springframework.web.servlet.FrameworkServlet.processRequest(FrameworkServlet.java:953)
	at org.springframework.web.servlet.FrameworkServlet.doPost(FrameworkServlet.java:855)
	at javax.servlet.http.HttpServlet.service(HttpServlet.java:661)
	at org.springframework.web.servlet.FrameworkServlet.service(FrameworkServlet.java:829)
	at javax.servlet.http.HttpServlet.service(HttpServlet.java:742)
	at org.apache.catalina.core.ApplicationFilterChain.internalDoFilter(ApplicationFilterChain.java:231)
	at org.apache.catalina.core.ApplicationFilterChain.doFilter(ApplicationFilterChain.java:166)
	at org.apache.tomcat.websocket.server.WsFilter.doFilter(WsFilter.java:52)
	at org.apache.catalina.core.ApplicationFilterChain.internalDoFilter(ApplicationFilterChain.java:193)
	at org.apache.catalina.core.ApplicationFilterChain.doFilter(ApplicationFilterChain.java:166)
	at org.springframework.web.filter.CharacterEncodingFilter.doFilterInternal(CharacterEncodingFilter.java:88)
	at org.springframework.web.filter.OncePerRequestFilter.doFilter(OncePerRequestFilter.java:107)
	at org.apache.catalina.core.ApplicationFilterChain.internalDoFilter(ApplicationFilterChain.java:193)
	at org.apache.catalina.core.ApplicationFilterChain.doFilter(ApplicationFilterChain.java:166)
	at org.apache.catalina.core.StandardWrapperValve.invoke(StandardWrapperValve.java:199)
	at org.apache.catalina.core.StandardContextValve.invoke(StandardContextValve.java:96)
	at org.apache.catalina.authenticator.AuthenticatorBase.invoke(AuthenticatorBase.java:478)
	at org.apache.catalina.core.StandardHostValve.invoke(StandardHostValve.java:140)
	at org.apache.catalina.valves.ErrorReportValve.invoke(ErrorReportValve.java:81)
	at org.apache.catalina.valves.AbstractAccessLogValve.invoke(AbstractAccessLogValve.java:650)
	at org.apache.catalina.core.StandardEngineValve.invoke(StandardEngineValve.java:87)
	at org.apache.catalina.connector.CoyoteAdapter.service(CoyoteAdapter.java:342)
	at org.apache.coyote.http11.Http11Processor.service(Http11Processor.java:803)
	at org.apache.coyote.AbstractProcessorLight.process(AbstractProcessorLight.java:66)
	at org.apache.coyote.AbstractProtocol$ConnectionHandler.process(AbstractProtocol.java:868)
	at org.apache.tomcat.util.net.NioEndpoint$SocketProcessor.doRun(NioEndpoint.java:1459)
	at org.apache.tomcat.util.net.SocketProcessorBase.run(SocketProcessorBase.java:49)
	at java.util.concurrent.ThreadPoolExecutor.runWorker(ThreadPoolExecutor.java:1149)
	at java.util.concurrent.ThreadPoolExecutor$Worker.run(ThreadPoolExecutor.java:624)
	at org.apache.tomcat.util.threads.TaskThread$WrappingRunnable.run(TaskThread.java:61)
	at java.lang.Thread.run(Thread.java:748)
2018-04-18 19:55:37,890 INFO  SuiteCallBackController.receiveCallBack:59 - logEvent:开始traceId:29fc563b-de7b-4149-bd7a-bb6f839b90fe		suiteKey:suite9wzt5ezjpfn1ypoo	signature:a6bc9450691df938a2e26c290d218deaa7ca39f4	timestamp:1524052537542	nonce:Hwm1ysCk	json:{"encrypt":"hb9FCT07g1WaPJX2PCE8wy1Flacto8jMswvXn4/MTc9Ty+hZ3DXfvQm5QQOq65Y2GPH5zRWeUY7iNkm40SBXdXTTALVF64UDvcFXQQL+UsokhWcclyfysYEOjYJlK2TFTKu2xfg4x8+mr4gjNv2Mcbj3tjb5uqe6JulQHYIN38JJEg8zLaG1axPTCdXtFyMYVYa1EA63ZotuRlM39NFz9w=="}
2018-04-18 19:55:38,352 ERROR SuiteCallBackController.receiveCallBack:97 - logEvent:结束traceId:29fc563b-de7b-4149-bd7a-bb6f839b90fe		msg:解密失败程序异常	suiteKey:suite9wzt5ezjpfn1ypoo	signature:a6bc9450691df938a2e26c290d218deaa7ca39f4	timestamp:1524052537542	nonce:Hwm1ysCk	json:{"encrypt":"hb9FCT07g1WaPJX2PCE8wy1Flacto8jMswvXn4/MTc9Ty+hZ3DXfvQm5QQOq65Y2GPH5zRWeUY7iNkm40SBXdXTTALVF64UDvcFXQQL+UsokhWcclyfysYEOjYJlK2TFTKu2xfg4x8+mr4gjNv2Mcbj3tjb5uqe6JulQHYIN38JJEg8zLaG1axPTCdXtFyMYVYa1EA63ZotuRlM39NFz9w=="}
com.dingtalk.oapi.lib.aes.DingTalkEncryptException: 计算解密文字错误
	at com.dingtalk.oapi.lib.aes.DingTalkEncryptor.decrypt(DingTalkEncryptor.java:164)
	at com.dingtalk.oapi.lib.aes.DingTalkEncryptor.getDecryptMsg(DingTalkEncryptor.java:109)
	at com.dingtalk.isv.access.web.controller.suite.callback.SuiteCallBackController.receiveCallBack(SuiteCallBackController.java:74)
	at com.dingtalk.isv.access.web.controller.suite.callback.SuiteCallBackController$$FastClassBySpringCGLIB$$8ac1ce8d.invoke(<generated>)
	at org.springframework.cglib.proxy.MethodProxy.invoke(MethodProxy.java:204)
	at org.springframework.aop.framework.CglibAopProxy$CglibMethodInvocation.invokeJoinpoint(CglibAopProxy.java:700)
	at org.springframework.aop.framework.ReflectiveMethodInvocation.proceed(ReflectiveMethodInvocation.java:150)
	at org.springframework.aop.aspectj.MethodInvocationProceedingJoinPoint.proceed(MethodInvocationProceedingJoinPoint.java:80)
	at com.dingtalk.isv.access.web.interceptor.ControllorAOP.handler(ControllorAOP.java:46)
	at sun.reflect.NativeMethodAccessorImpl.invoke0(Native Method)
	at sun.reflect.NativeMethodAccessorImpl.invoke(NativeMethodAccessorImpl.java:62)
	at sun.reflect.DelegatingMethodAccessorImpl.invoke(DelegatingMethodAccessorImpl.java:43)
	at java.lang.reflect.Method.invoke(Method.java:498)
	at org.springframework.aop.aspectj.AbstractAspectJAdvice.invokeAdviceMethodWithGivenArgs(AbstractAspectJAdvice.java:621)
	at org.springframework.aop.aspectj.AbstractAspectJAdvice.invokeAdviceMethod(AbstractAspectJAdvice.java:610)
	at org.springframework.aop.aspectj.AspectJAroundAdvice.invoke(AspectJAroundAdvice.java:65)
	at org.springframework.aop.framework.ReflectiveMethodInvocation.proceed(ReflectiveMethodInvocation.java:172)
	at org.springframework.aop.interceptor.ExposeInvocationInterceptor.invoke(ExposeInvocationInterceptor.java:91)
	at org.springframework.aop.framework.ReflectiveMethodInvocation.proceed(ReflectiveMethodInvocation.java:172)
	at org.springframework.aop.framework.CglibAopProxy$DynamicAdvisedInterceptor.intercept(CglibAopProxy.java:633)
	at com.dingtalk.isv.access.web.controller.suite.callback.SuiteCallBackController$$EnhancerBySpringCGLIB$$4d4b1e3c.receiveCallBack(<generated>)
	at sun.reflect.NativeMethodAccessorImpl.invoke0(Native Method)
	at sun.reflect.NativeMethodAccessorImpl.invoke(NativeMethodAccessorImpl.java:62)
	at sun.reflect.DelegatingMethodAccessorImpl.invoke(DelegatingMethodAccessorImpl.java:43)
	at java.lang.reflect.Method.invoke(Method.java:498)
	at org.springframework.web.method.support.InvocableHandlerMethod.invoke(InvocableHandlerMethod.java:215)
	at org.springframework.web.method.support.InvocableHandlerMethod.invokeForRequest(InvocableHandlerMethod.java:132)
	at org.springframework.web.servlet.mvc.method.annotation.ServletInvocableHandlerMethod.invokeAndHandle(ServletInvocableHandlerMethod.java:104)
	at org.springframework.web.servlet.mvc.method.annotation.RequestMappingHandlerAdapter.invokeHandleMethod(RequestMappingHandlerAdapter.java:745)
	at org.springframework.web.servlet.mvc.method.annotation.RequestMappingHandlerAdapter.handleInternal(RequestMappingHandlerAdapter.java:686)
	at org.springframework.web.servlet.mvc.method.AbstractHandlerMethodAdapter.handle(AbstractHandlerMethodAdapter.java:80)
	at org.springframework.web.servlet.DispatcherServlet.doDispatch(DispatcherServlet.java:925)
	at org.springframework.web.servlet.DispatcherServlet.doService(DispatcherServlet.java:856)
	at org.springframework.web.servlet.FrameworkServlet.processRequest(FrameworkServlet.java:953)
	at org.springframework.web.servlet.FrameworkServlet.doPost(FrameworkServlet.java:855)
	at javax.servlet.http.HttpServlet.service(HttpServlet.java:661)
	at org.springframework.web.servlet.FrameworkServlet.service(FrameworkServlet.java:829)
	at javax.servlet.http.HttpServlet.service(HttpServlet.java:742)
	at org.apache.catalina.core.ApplicationFilterChain.internalDoFilter(ApplicationFilterChain.java:231)
	at org.apache.catalina.core.ApplicationFilterChain.doFilter(ApplicationFilterChain.java:166)
	at org.apache.tomcat.websocket.server.WsFilter.doFilter(WsFilter.java:52)
	at org.apache.catalina.core.ApplicationFilterChain.internalDoFilter(ApplicationFilterChain.java:193)
	at org.apache.catalina.core.ApplicationFilterChain.doFilter(ApplicationFilterChain.java:166)
	at org.springframework.web.filter.CharacterEncodingFilter.doFilterInternal(CharacterEncodingFilter.java:88)
	at org.springframework.web.filter.OncePerRequestFilter.doFilter(OncePerRequestFilter.java:107)
	at org.apache.catalina.core.ApplicationFilterChain.internalDoFilter(ApplicationFilterChain.java:193)
	at org.apache.catalina.core.ApplicationFilterChain.doFilter(ApplicationFilterChain.java:166)
	at org.apache.catalina.core.StandardWrapperValve.invoke(StandardWrapperValve.java:199)
	at org.apache.catalina.core.StandardContextValve.invoke(StandardContextValve.java:96)
	at org.apache.catalina.authenticator.AuthenticatorBase.invoke(AuthenticatorBase.java:478)
	at org.apache.catalina.core.StandardHostValve.invoke(StandardHostValve.java:140)
	at org.apache.catalina.valves.ErrorReportValve.invoke(ErrorReportValve.java:81)
	at org.apache.catalina.valves.AbstractAccessLogValve.invoke(AbstractAccessLogValve.java:650)
	at org.apache.catalina.core.StandardEngineValve.invoke(StandardEngineValve.java:87)
	at org.apache.catalina.connector.CoyoteAdapter.service(CoyoteAdapter.java:342)
	at org.apache.coyote.http11.Http11Processor.service(Http11Processor.java:803)
	at org.apache.coyote.AbstractProcessorLight.process(AbstractProcessorLight.java:66)
	at org.apache.coyote.AbstractProtocol$ConnectionHandler.process(AbstractProtocol.java:868)
	at org.apache.tomcat.util.net.NioEndpoint$SocketProcessor.doRun(NioEndpoint.java:1459)
	at org.apache.tomcat.util.net.SocketProcessorBase.run(SocketProcessorBase.java:49)
	at java.util.concurrent.ThreadPoolExecutor.runWorker(ThreadPoolExecutor.java:1149)
	at java.util.concurrent.ThreadPoolExecutor$Worker.run(ThreadPoolExecutor.java:624)
	at org.apache.tomcat.util.threads.TaskThread$WrappingRunnable.run(TaskThread.java:61)
	at java.lang.Thread.run(Thread.java:748)
2018-04-18 20:09:04,695 INFO  SuiteCallBackController.receiveCallBack:59 - logEvent:开始traceId:28da3840-b791-4ca6-90de-851ab60c7258		suiteKey:suite9wzt5ezjpfn1ypoo	signature:295c012ce3f2f3f74735572f2a4fc017f73d5774	timestamp:1524053344384	nonce:yGw23vj2	json:{"encrypt":"0aiouHJN0A0q06VG0O3387GTNDR4AaMiYpZkQQhAeplusqgOiGdJUTrYEaXo3PbBZUDQCAu3ZJAN4QDl/YGHiZrew9ah9sHVcUKyqfudAdWLJD8j3w+lbTNSuQbf0ODZBwV5tf3ICJ+1MdtfCaDSUZnXQIhBmJmCj5ALYEuHED+7LP2b1+AYNabQvUjYzCXc2gORyDwum6Sk5r0FGC8wwQ=="}
2018-04-18 20:09:04,708 ERROR SuiteCallBackController.receiveCallBack:97 - logEvent:结束traceId:28da3840-b791-4ca6-90de-851ab60c7258		msg:解密失败程序异常	suiteKey:suite9wzt5ezjpfn1ypoo	signature:295c012ce3f2f3f74735572f2a4fc017f73d5774	timestamp:1524053344384	nonce:yGw23vj2	json:{"encrypt":"0aiouHJN0A0q06VG0O3387GTNDR4AaMiYpZkQQhAeplusqgOiGdJUTrYEaXo3PbBZUDQCAu3ZJAN4QDl/YGHiZrew9ah9sHVcUKyqfudAdWLJD8j3w+lbTNSuQbf0ODZBwV5tf3ICJ+1MdtfCaDSUZnXQIhBmJmCj5ALYEuHED+7LP2b1+AYNabQvUjYzCXc2gORyDwum6Sk5r0FGC8wwQ=="}
com.dingtalk.oapi.lib.aes.DingTalkEncryptException: 计算解密文字错误
	at com.dingtalk.oapi.lib.aes.DingTalkEncryptor.decrypt(DingTalkEncryptor.java:164)
	at com.dingtalk.oapi.lib.aes.DingTalkEncryptor.getDecryptMsg(DingTalkEncryptor.java:109)
	at com.dingtalk.isv.access.web.controller.suite.callback.SuiteCallBackController.receiveCallBack(SuiteCallBackController.java:74)
	at com.dingtalk.isv.access.web.controller.suite.callback.SuiteCallBackController$$FastClassBySpringCGLIB$$8ac1ce8d.invoke(<generated>)
	at org.springframework.cglib.proxy.MethodProxy.invoke(MethodProxy.java:204)
	at org.springframework.aop.framework.CglibAopProxy$CglibMethodInvocation.invokeJoinpoint(CglibAopProxy.java:700)
	at org.springframework.aop.framework.ReflectiveMethodInvocation.proceed(ReflectiveMethodInvocation.java:150)
	at org.springframework.aop.aspectj.MethodInvocationProceedingJoinPoint.proceed(MethodInvocationProceedingJoinPoint.java:80)
	at com.dingtalk.isv.access.web.interceptor.ControllorAOP.handler(ControllorAOP.java:46)
	at sun.reflect.NativeMethodAccessorImpl.invoke0(Native Method)
	at sun.reflect.NativeMethodAccessorImpl.invoke(NativeMethodAccessorImpl.java:62)
	at sun.reflect.DelegatingMethodAccessorImpl.invoke(DelegatingMethodAccessorImpl.java:43)
	at java.lang.reflect.Method.invoke(Method.java:498)
	at org.springframework.aop.aspectj.AbstractAspectJAdvice.invokeAdviceMethodWithGivenArgs(AbstractAspectJAdvice.java:621)
	at org.springframework.aop.aspectj.AbstractAspectJAdvice.invokeAdviceMethod(AbstractAspectJAdvice.java:610)
	at org.springframework.aop.aspectj.AspectJAroundAdvice.invoke(AspectJAroundAdvice.java:65)
	at org.springframework.aop.framework.ReflectiveMethodInvocation.proceed(ReflectiveMethodInvocation.java:172)
	at org.springframework.aop.interceptor.ExposeInvocationInterceptor.invoke(ExposeInvocationInterceptor.java:91)
	at org.springframework.aop.framework.ReflectiveMethodInvocation.proceed(ReflectiveMethodInvocation.java:172)
	at org.springframework.aop.framework.CglibAopProxy$DynamicAdvisedInterceptor.intercept(CglibAopProxy.java:633)
	at com.dingtalk.isv.access.web.controller.suite.callback.SuiteCallBackController$$EnhancerBySpringCGLIB$$4d4b1e3c.receiveCallBack(<generated>)
	at sun.reflect.NativeMethodAccessorImpl.invoke0(Native Method)
	at sun.reflect.NativeMethodAccessorImpl.invoke(NativeMethodAccessorImpl.java:62)
	at sun.reflect.DelegatingMethodAccessorImpl.invoke(DelegatingMethodAccessorImpl.java:43)
	at java.lang.reflect.Method.invoke(Method.java:498)
	at org.springframework.web.method.support.InvocableHandlerMethod.invoke(InvocableHandlerMethod.java:215)
	at org.springframework.web.method.support.InvocableHandlerMethod.invokeForRequest(InvocableHandlerMethod.java:132)
	at org.springframework.web.servlet.mvc.method.annotation.ServletInvocableHandlerMethod.invokeAndHandle(ServletInvocableHandlerMethod.java:104)
	at org.springframework.web.servlet.mvc.method.annotation.RequestMappingHandlerAdapter.invokeHandleMethod(RequestMappingHandlerAdapter.java:745)
	at org.springframework.web.servlet.mvc.method.annotation.RequestMappingHandlerAdapter.handleInternal(RequestMappingHandlerAdapter.java:686)
	at org.springframework.web.servlet.mvc.method.AbstractHandlerMethodAdapter.handle(AbstractHandlerMethodAdapter.java:80)
	at org.springframework.web.servlet.DispatcherServlet.doDispatch(DispatcherServlet.java:925)
	at org.springframework.web.servlet.DispatcherServlet.doService(DispatcherServlet.java:856)
	at org.springframework.web.servlet.FrameworkServlet.processRequest(FrameworkServlet.java:953)
	at org.springframework.web.servlet.FrameworkServlet.doPost(FrameworkServlet.java:855)
	at javax.servlet.http.HttpServlet.service(HttpServlet.java:661)
	at org.springframework.web.servlet.FrameworkServlet.service(FrameworkServlet.java:829)
	at javax.servlet.http.HttpServlet.service(HttpServlet.java:742)
	at org.apache.catalina.core.ApplicationFilterChain.internalDoFilter(ApplicationFilterChain.java:231)
	at org.apache.catalina.core.ApplicationFilterChain.doFilter(ApplicationFilterChain.java:166)
	at org.apache.tomcat.websocket.server.WsFilter.doFilter(WsFilter.java:52)
	at org.apache.catalina.core.ApplicationFilterChain.internalDoFilter(ApplicationFilterChain.java:193)
	at org.apache.catalina.core.ApplicationFilterChain.doFilter(ApplicationFilterChain.java:166)
	at org.springframework.web.filter.CharacterEncodingFilter.doFilterInternal(CharacterEncodingFilter.java:88)
	at org.springframework.web.filter.OncePerRequestFilter.doFilter(OncePerRequestFilter.java:107)
	at org.apache.catalina.core.ApplicationFilterChain.internalDoFilter(ApplicationFilterChain.java:193)
	at org.apache.catalina.core.ApplicationFilterChain.doFilter(ApplicationFilterChain.java:166)
	at org.apache.catalina.core.StandardWrapperValve.invoke(StandardWrapperValve.java:199)
	at org.apache.catalina.core.StandardContextValve.invoke(StandardContextValve.java:96)
	at org.apache.catalina.authenticator.AuthenticatorBase.invoke(AuthenticatorBase.java:478)
	at org.apache.catalina.core.StandardHostValve.invoke(StandardHostValve.java:140)
	at org.apache.catalina.valves.ErrorReportValve.invoke(ErrorReportValve.java:81)
	at org.apache.catalina.valves.AbstractAccessLogValve.invoke(AbstractAccessLogValve.java:650)
	at org.apache.catalina.core.StandardEngineValve.invoke(StandardEngineValve.java:87)
	at org.apache.catalina.connector.CoyoteAdapter.service(CoyoteAdapter.java:342)
	at org.apache.coyote.http11.Http11Processor.service(Http11Processor.java:803)
	at org.apache.coyote.AbstractProcessorLight.process(AbstractProcessorLight.java:66)
	at org.apache.coyote.AbstractProtocol$ConnectionHandler.process(AbstractProtocol.java:868)
	at org.apache.tomcat.util.net.NioEndpoint$SocketProcessor.doRun(NioEndpoint.java:1459)
	at org.apache.tomcat.util.net.SocketProcessorBase.run(SocketProcessorBase.java:49)
	at java.util.concurrent.ThreadPoolExecutor.runWorker(ThreadPoolExecutor.java:1149)
	at java.util.concurrent.ThreadPoolExecutor$Worker.run(ThreadPoolExecutor.java:624)
	at org.apache.tomcat.util.threads.TaskThread$WrappingRunnable.run(TaskThread.java:61)
	at java.lang.Thread.run(Thread.java:748)
2018-04-18 21:16:41,448 INFO  SuiteCallBackController.receiveCallBack:59 - logEvent:开始traceId:36473675-fcad-43d0-a271-772b2d3a7af4		suiteKey:suite9wzt5ezjpfn1ypoo	signature:80b2fac10db2a0d09b8e21ec23697648e946272c	timestamp:1524057401032	nonce:3T1Xo0Wk	json:{"encrypt":"31nOzCbp+GBeTyUcxPTWSPMA/U9vVIMSApQ7KV1dDcBHIX1wEyXlgJEI0GPRjmkFN8UbUZVVhfMVADFTHJYcte6WmRp61x992/DFNt2zlQG5ThxV7G0Nmu0bp0Vrz+ubL7bmtPThOjDL8p6bUw6sctdFTF9HUTjBLDB0qawocwQyCqR9spyUcIAwB3/x8m6JQ3qUckcZtJIEaa16xzhevg=="}
2018-04-18 21:16:41,457 ERROR SuiteCallBackController.receiveCallBack:97 - logEvent:结束traceId:36473675-fcad-43d0-a271-772b2d3a7af4		msg:解密失败程序异常	suiteKey:suite9wzt5ezjpfn1ypoo	signature:80b2fac10db2a0d09b8e21ec23697648e946272c	timestamp:1524057401032	nonce:3T1Xo0Wk	json:{"encrypt":"31nOzCbp+GBeTyUcxPTWSPMA/U9vVIMSApQ7KV1dDcBHIX1wEyXlgJEI0GPRjmkFN8UbUZVVhfMVADFTHJYcte6WmRp61x992/DFNt2zlQG5ThxV7G0Nmu0bp0Vrz+ubL7bmtPThOjDL8p6bUw6sctdFTF9HUTjBLDB0qawocwQyCqR9spyUcIAwB3/x8m6JQ3qUckcZtJIEaa16xzhevg=="}
com.dingtalk.oapi.lib.aes.DingTalkEncryptException: 计算解密文字错误
	at com.dingtalk.oapi.lib.aes.DingTalkEncryptor.decrypt(DingTalkEncryptor.java:164)
	at com.dingtalk.oapi.lib.aes.DingTalkEncryptor.getDecryptMsg(DingTalkEncryptor.java:109)
	at com.dingtalk.isv.access.web.controller.suite.callback.SuiteCallBackController.receiveCallBack(SuiteCallBackController.java:74)
	at com.dingtalk.isv.access.web.controller.suite.callback.SuiteCallBackController$$FastClassBySpringCGLIB$$8ac1ce8d.invoke(<generated>)
	at org.springframework.cglib.proxy.MethodProxy.invoke(MethodProxy.java:204)
	at org.springframework.aop.framework.CglibAopProxy$CglibMethodInvocation.invokeJoinpoint(CglibAopProxy.java:700)
	at org.springframework.aop.framework.ReflectiveMethodInvocation.proceed(ReflectiveMethodInvocation.java:150)
	at org.springframework.aop.aspectj.MethodInvocationProceedingJoinPoint.proceed(MethodInvocationProceedingJoinPoint.java:80)
	at com.dingtalk.isv.access.web.interceptor.ControllorAOP.handler(ControllorAOP.java:46)
	at sun.reflect.NativeMethodAccessorImpl.invoke0(Native Method)
	at sun.reflect.NativeMethodAccessorImpl.invoke(NativeMethodAccessorImpl.java:62)
	at sun.reflect.DelegatingMethodAccessorImpl.invoke(DelegatingMethodAccessorImpl.java:43)
	at java.lang.reflect.Method.invoke(Method.java:498)
	at org.springframework.aop.aspectj.AbstractAspectJAdvice.invokeAdviceMethodWithGivenArgs(AbstractAspectJAdvice.java:621)
	at org.springframework.aop.aspectj.AbstractAspectJAdvice.invokeAdviceMethod(AbstractAspectJAdvice.java:610)
	at org.springframework.aop.aspectj.AspectJAroundAdvice.invoke(AspectJAroundAdvice.java:65)
	at org.springframework.aop.framework.ReflectiveMethodInvocation.proceed(ReflectiveMethodInvocation.java:172)
	at org.springframework.aop.interceptor.ExposeInvocationInterceptor.invoke(ExposeInvocationInterceptor.java:91)
	at org.springframework.aop.framework.ReflectiveMethodInvocation.proceed(ReflectiveMethodInvocation.java:172)
	at org.springframework.aop.framework.CglibAopProxy$DynamicAdvisedInterceptor.intercept(CglibAopProxy.java:633)
	at com.dingtalk.isv.access.web.controller.suite.callback.SuiteCallBackController$$EnhancerBySpringCGLIB$$4d4b1e3c.receiveCallBack(<generated>)
	at sun.reflect.NativeMethodAccessorImpl.invoke0(Native Method)
	at sun.reflect.NativeMethodAccessorImpl.invoke(NativeMethodAccessorImpl.java:62)
	at sun.reflect.DelegatingMethodAccessorImpl.invoke(DelegatingMethodAccessorImpl.java:43)
	at java.lang.reflect.Method.invoke(Method.java:498)
	at org.springframework.web.method.support.InvocableHandlerMethod.invoke(InvocableHandlerMethod.java:215)
	at org.springframework.web.method.support.InvocableHandlerMethod.invokeForRequest(InvocableHandlerMethod.java:132)
	at org.springframework.web.servlet.mvc.method.annotation.ServletInvocableHandlerMethod.invokeAndHandle(ServletInvocableHandlerMethod.java:104)
	at org.springframework.web.servlet.mvc.method.annotation.RequestMappingHandlerAdapter.invokeHandleMethod(RequestMappingHandlerAdapter.java:745)
	at org.springframework.web.servlet.mvc.method.annotation.RequestMappingHandlerAdapter.handleInternal(RequestMappingHandlerAdapter.java:686)
	at org.springframework.web.servlet.mvc.method.AbstractHandlerMethodAdapter.handle(AbstractHandlerMethodAdapter.java:80)
	at org.springframework.web.servlet.DispatcherServlet.doDispatch(DispatcherServlet.java:925)
	at org.springframework.web.servlet.DispatcherServlet.doService(DispatcherServlet.java:856)
	at org.springframework.web.servlet.FrameworkServlet.processRequest(FrameworkServlet.java:953)
	at org.springframework.web.servlet.FrameworkServlet.doPost(FrameworkServlet.java:855)
	at javax.servlet.http.HttpServlet.service(HttpServlet.java:661)
	at org.springframework.web.servlet.FrameworkServlet.service(FrameworkServlet.java:829)
	at javax.servlet.http.HttpServlet.service(HttpServlet.java:742)
	at org.apache.catalina.core.ApplicationFilterChain.internalDoFilter(ApplicationFilterChain.java:231)
	at org.apache.catalina.core.ApplicationFilterChain.doFilter(ApplicationFilterChain.java:166)
	at org.apache.tomcat.websocket.server.WsFilter.doFilter(WsFilter.java:52)
	at org.apache.catalina.core.ApplicationFilterChain.internalDoFilter(ApplicationFilterChain.java:193)
	at org.apache.catalina.core.ApplicationFilterChain.doFilter(ApplicationFilterChain.java:166)
	at org.springframework.web.filter.CharacterEncodingFilter.doFilterInternal(CharacterEncodingFilter.java:88)
	at org.springframework.web.filter.OncePerRequestFilter.doFilter(OncePerRequestFilter.java:107)
	at org.apache.catalina.core.ApplicationFilterChain.internalDoFilter(ApplicationFilterChain.java:193)
	at org.apache.catalina.core.ApplicationFilterChain.doFilter(ApplicationFilterChain.java:166)
	at org.apache.catalina.core.StandardWrapperValve.invoke(StandardWrapperValve.java:199)
	at org.apache.catalina.core.StandardContextValve.invoke(StandardContextValve.java:96)
	at org.apache.catalina.authenticator.AuthenticatorBase.invoke(AuthenticatorBase.java:478)
	at org.apache.catalina.core.StandardHostValve.invoke(StandardHostValve.java:140)
	at org.apache.catalina.valves.ErrorReportValve.invoke(ErrorReportValve.java:81)
	at org.apache.catalina.valves.AbstractAccessLogValve.invoke(AbstractAccessLogValve.java:650)
	at org.apache.catalina.core.StandardEngineValve.invoke(StandardEngineValve.java:87)
	at org.apache.catalina.connector.CoyoteAdapter.service(CoyoteAdapter.java:342)
	at org.apache.coyote.http11.Http11Processor.service(Http11Processor.java:803)
	at org.apache.coyote.AbstractProcessorLight.process(AbstractProcessorLight.java:66)
	at org.apache.coyote.AbstractProtocol$ConnectionHandler.process(AbstractProtocol.java:868)
	at org.apache.tomcat.util.net.NioEndpoint$SocketProcessor.doRun(NioEndpoint.java:1459)
	at org.apache.tomcat.util.net.SocketProcessorBase.run(SocketProcessorBase.java:49)
	at java.util.concurrent.ThreadPoolExecutor.runWorker(ThreadPoolExecutor.java:1149)
	at java.util.concurrent.ThreadPoolExecutor$Worker.run(ThreadPoolExecutor.java:624)
	at org.apache.tomcat.util.threads.TaskThread$WrappingRunnable.run(TaskThread.java:61)
	at java.lang.Thread.run(Thread.java:748)
